C:\CARLETON\COMP 2501 COMPUTER GAMES\2501 WINTER 2014 NEL\TUTORIALS\BEN BLACK'S TUTORIALS\TUTORIAL9\TUTORIAL9\DIRECTXTK\BIN\DESKTOP_2012\WIN32\DEBUG\DIRECTXTK.PCH
C:\CARLETON\COMP 2501 COMPUTER GAMES\2501 WINTER 2014 NEL\TUTORIALS\BEN BLACK'S TUTORIALS\TUTORIAL9\TUTORIAL9\DIRECTXTK\BIN\DESKTOP_2012\WIN32\DEBUG\PCH.OBJ
C:\CARLETON\COMP 2501 COMPUTER GAMES\2501 WINTER 2014 NEL\TUTORIALS\BEN BLACK'S TUTORIALS\TUTORIAL9\TUTORIAL9\DIRECTXTK\BIN\DESKTOP_2012\WIN32\DEBUG\DIRECTXTK.PDB
C:\CARLETON\COMP 2501 COMPUTER GAMES\2501 WINTER 2014 NEL\TUTORIALS\BEN BLACK'S TUTORIALS\TUTORIAL9\TUTORIAL9\DIRECTXTK\BIN\DESKTOP_2012\WIN32\DEBUG\COMMONSTATES.OBJ
C:\CARLETON\COMP 2501 COMPUTER GAMES\2501 WINTER 2014 NEL\TUTORIALS\BEN BLACK'S TUTORIALS\TUTORIAL9\TUTORIAL9\DIRECTXTK\BIN\DESKTOP_2012\WIN32\DEBUG\DDSTEXTURELOADER.OBJ
C:\CARLETON\COMP 2501 COMPUTER GAMES\2501 WINTER 2014 NEL\TUTORIALS\BEN BLACK'S TUTORIALS\TUTORIAL9\TUTORIAL9\DIRECTXTK\BIN\DESKTOP_2012\WIN32\DEBUG\DGSLEFFECT.OBJ
C:\CARLETON\COMP 2501 COMPUTER GAMES\2501 WINTER 2014 NEL\TUTORIALS\BEN BLACK'S TUTORIALS\TUTORIAL9\TUTORIAL9\DIRECTXTK\BIN\DESKTOP_2012\WIN32\DEBUG\DGSLEFFECTFACTORY.OBJ
C:\CARLETON\COMP 2501 COMPUTER GAMES\2501 WINTER 2014 NEL\TUTORIALS\BEN BLACK'S TUTORIALS\TUTORIAL9\TUTORIAL9\DIRECTXTK\BIN\DESKTOP_2012\WIN32\DEBUG\DUALTEXTUREEFFECT.OBJ
C:\CARLETON\COMP 2501 COMPUTER GAMES\2501 WINTER 2014 NEL\TUTORIALS\BEN BLACK'S TUTORIALS\TUTORIAL9\TUTORIAL9\DIRECTXTK\BIN\DESKTOP_2012\WIN32\DEBUG\BINARYREADER.OBJ
C:\CARLETON\COMP 2501 COMPUTER GAMES\2501 WINTER 2014 NEL\TUTORIALS\BEN BLACK'S TUTORIALS\TUTORIAL9\TUTORIAL9\DIRECTXTK\BIN\DESKTOP_2012\WIN32\DEBUG\EFFECTCOMMON.OBJ
C:\CARLETON\COMP 2501 COMPUTER GAMES\2501 WINTER 2014 NEL\TUTORIALS\BEN BLACK'S TUTORIALS\TUTORIAL9\TUTORIAL9\DIRECTXTK\BIN\DESKTOP_2012\WIN32\DEBUG\EFFECTFACTORY.OBJ
C:\CARLETON\COMP 2501 COMPUTER GAMES\2501 WINTER 2014 NEL\TUTORIALS\BEN BLACK'S TUTORIALS\TUTORIAL9\TUTORIAL9\DIRECTXTK\BIN\DESKTOP_2012\WIN32\DEBUG\ENVIRONMENTMAPEFFECT.OBJ
C:\CARLETON\COMP 2501 COMPUTER GAMES\2501 WINTER 2014 NEL\TUTORIALS\BEN BLACK'S TUTORIALS\TUTORIAL9\TUTORIAL9\DIRECTXTK\BIN\DESKTOP_2012\WIN32\DEBUG\GEOMETRICPRIMITIVE.OBJ
C:\CARLETON\COMP 2501 COMPUTER GAMES\2501 WINTER 2014 NEL\TUTORIALS\BEN BLACK'S TUTORIALS\TUTORIAL9\TUTORIAL9\DIRECTXTK\BIN\DESKTOP_2012\WIN32\DEBUG\MODEL.OBJ
C:\CARLETON\COMP 2501 COMPUTER GAMES\2501 WINTER 2014 NEL\TUTORIALS\BEN BLACK'S TUTORIALS\TUTORIAL9\TUTORIAL9\DIRECTXTK\BIN\DESKTOP_2012\WIN32\DEBUG\MODELLOADCMO.OBJ
C:\CARLETON\COMP 2501 COMPUTER GAMES\2501 WINTER 2014 NEL\TUTORIALS\BEN BLACK'S TUTORIALS\TUTORIAL9\TUTORIAL9\DIRECTXTK\BIN\DESKTOP_2012\WIN32\DEBUG\MODELLOADSDKMESH.OBJ
C:\CARLETON\COMP 2501 COMPUTER GAMES\2501 WINTER 2014 NEL\TUTORIALS\BEN BLACK'S TUTORIALS\TUTORIAL9\TUTORIAL9\DIRECTXTK\BIN\DESKTOP_2012\WIN32\DEBUG\SCREENGRAB.OBJ
C:\CARLETON\COMP 2501 COMPUTER GAMES\2501 WINTER 2014 NEL\TUTORIALS\BEN BLACK'S TUTORIALS\TUTORIAL9\TUTORIAL9\DIRECTXTK\BIN\DESKTOP_2012\WIN32\DEBUG\SKINNEDEFFECT.OBJ
C:\CARLETON\COMP 2501 COMPUTER GAMES\2501 WINTER 2014 NEL\TUTORIALS\BEN BLACK'S TUTORIALS\TUTORIAL9\TUTORIAL9\DIRECTXTK\BIN\DESKTOP_2012\WIN32\DEBUG\SPRITEBATCH.OBJ
C:\CARLETON\COMP 2501 COMPUTER GAMES\2501 WINTER 2014 NEL\TUTORIALS\BEN BLACK'S TUTORIALS\TUTORIAL9\TUTORIAL9\DIRECTXTK\BIN\DESKTOP_2012\WIN32\DEBUG\PRIMITIVEBATCH.OBJ
C:\CARLETON\COMP 2501 COMPUTER GAMES\2501 WINTER 2014 NEL\TUTORIALS\BEN BLACK'S TUTORIALS\TUTORIAL9\TUTORIAL9\DIRECTXTK\BIN\DESKTOP_2012\WIN32\DEBUG\SPRITEFONT.OBJ
C:\CARLETON\COMP 2501 COMPUTER GAMES\2501 WINTER 2014 NEL\TUTORIALS\BEN BLACK'S TUTORIALS\TUTORIAL9\TUTORIAL9\DIRECTXTK\BIN\DESKTOP_2012\WIN32\DEBUG\VERTEXTYPES.OBJ
C:\CARLETON\COMP 2501 COMPUTER GAMES\2501 WINTER 2014 NEL\TUTORIALS\BEN BLACK'S TUTORIALS\TUTORIAL9\TUTORIAL9\DIRECTXTK\BIN\DESKTOP_2012\WIN32\DEBUG\WICTEXTURELOADER.OBJ
C:\CARLETON\COMP 2501 COMPUTER GAMES\2501 WINTER 2014 NEL\TUTORIALS\BEN BLACK'S TUTORIALS\TUTORIAL9\TUTORIAL9\DIRECTXTK\BIN\DESKTOP_2012\WIN32\DEBUG\ALPHATESTEFFECT.OBJ
C:\CARLETON\COMP 2501 COMPUTER GAMES\2501 WINTER 2014 NEL\TUTORIALS\BEN BLACK'S TUTORIALS\TUTORIAL9\TUTORIAL9\DIRECTXTK\BIN\DESKTOP_2012\WIN32\DEBUG\BASICEFFECT.OBJ
C:\CARLETON\COMP 2501 COMPUTER GAMES\2501 WINTER 2014 NEL\TUTORIALS\BEN BLACK'S TUTORIALS\TUTORIAL9\TUTORIAL9\DIRECTXTK\BIN\DESKTOP_2012\WIN32\DEBUG\DIRECTXTK.LIB
C:\Carleton\2501winter2014 Nel\tutorials\DirectXTK supplementary tutorial #2\answer code\DirectXTK\Bin\Desktop_2012\Win32\Debug\AlphaTestEffect.obj
C:\Carleton\2501winter2014 Nel\tutorials\DirectXTK supplementary tutorial #2\answer code\DirectXTK\Bin\Desktop_2012\Win32\Debug\BasicEffect.obj
C:\Carleton\2501winter2014 Nel\tutorials\DirectXTK supplementary tutorial #2\answer code\DirectXTK\Bin\Desktop_2012\Win32\Debug\BinaryReader.obj
C:\Carleton\2501winter2014 Nel\tutorials\DirectXTK supplementary tutorial #2\answer code\DirectXTK\Bin\Desktop_2012\Win32\Debug\CommonStates.obj
C:\Carleton\2501winter2014 Nel\tutorials\DirectXTK supplementary tutorial #2\answer code\DirectXTK\Bin\Desktop_2012\Win32\Debug\DDSTextureLoader.obj
C:\Carleton\2501winter2014 Nel\tutorials\DirectXTK supplementary tutorial #2\answer code\DirectXTK\Bin\Desktop_2012\Win32\Debug\DGSLEffect.obj
C:\Carleton\2501winter2014 Nel\tutorials\DirectXTK supplementary tutorial #2\answer code\DirectXTK\Bin\Desktop_2012\Win32\Debug\DGSLEffectFactory.obj
C:\Carleton\2501winter2014 Nel\tutorials\DirectXTK supplementary tutorial #2\answer code\DirectXTK\Bin\Desktop_2012\Win32\Debug\DualTextureEffect.obj
C:\Carleton\2501winter2014 Nel\tutorials\DirectXTK supplementary tutorial #2\answer code\DirectXTK\Bin\Desktop_2012\Win32\Debug\EffectCommon.obj
C:\Carleton\2501winter2014 Nel\tutorials\DirectXTK supplementary tutorial #2\answer code\DirectXTK\Bin\Desktop_2012\Win32\Debug\EffectFactory.obj
C:\Carleton\2501winter2014 Nel\tutorials\DirectXTK supplementary tutorial #2\answer code\DirectXTK\Bin\Desktop_2012\Win32\Debug\EnvironmentMapEffect.obj
C:\Carleton\2501winter2014 Nel\tutorials\DirectXTK supplementary tutorial #2\answer code\DirectXTK\Bin\Desktop_2012\Win32\Debug\GeometricPrimitive.obj
C:\Carleton\2501winter2014 Nel\tutorials\DirectXTK supplementary tutorial #2\answer code\DirectXTK\Bin\Desktop_2012\Win32\Debug\Model.obj
C:\Carleton\2501winter2014 Nel\tutorials\DirectXTK supplementary tutorial #2\answer code\DirectXTK\Bin\Desktop_2012\Win32\Debug\ModelLoadCMO.obj
C:\Carleton\2501winter2014 Nel\tutorials\DirectXTK supplementary tutorial #2\answer code\DirectXTK\Bin\Desktop_2012\Win32\Debug\ModelLoadSDKMESH.obj
C:\Carleton\2501winter2014 Nel\tutorials\DirectXTK supplementary tutorial #2\answer code\DirectXTK\Bin\Desktop_2012\Win32\Debug\pch.obj
C:\Carleton\2501winter2014 Nel\tutorials\DirectXTK supplementary tutorial #2\answer code\DirectXTK\Bin\Desktop_2012\Win32\Debug\PrimitiveBatch.obj
C:\Carleton\2501winter2014 Nel\tutorials\DirectXTK supplementary tutorial #2\answer code\DirectXTK\Bin\Desktop_2012\Win32\Debug\ScreenGrab.obj
C:\Carleton\2501winter2014 Nel\tutorials\DirectXTK supplementary tutorial #2\answer code\DirectXTK\Bin\Desktop_2012\Win32\Debug\SkinnedEffect.obj
C:\Carleton\2501winter2014 Nel\tutorials\DirectXTK supplementary tutorial #2\answer code\DirectXTK\Bin\Desktop_2012\Win32\Debug\SpriteBatch.obj
C:\Carleton\2501winter2014 Nel\tutorials\DirectXTK supplementary tutorial #2\answer code\DirectXTK\Bin\Desktop_2012\Win32\Debug\SpriteFont.obj
C:\Carleton\2501winter2014 Nel\tutorials\DirectXTK supplementary tutorial #2\answer code\DirectXTK\Bin\Desktop_2012\Win32\Debug\VertexTypes.obj
C:\Carleton\2501winter2014 Nel\tutorials\DirectXTK supplementary tutorial #2\answer code\DirectXTK\Bin\Desktop_2012\Win32\Debug\WICTextureLoader.obj
C:\Carleton\2501winter2014 Nel\tutorials\DirectXTK supplementary tutorial #2\answer code\DirectXTK\Bin\Desktop_2012\Win32\Debug\cl.command.1.tlog
C:\Carleton\2501winter2014 Nel\tutorials\DirectXTK supplementary tutorial #2\answer code\DirectXTK\Bin\Desktop_2012\Win32\Debug\CL.read.1.tlog
C:\Carleton\2501winter2014 Nel\tutorials\DirectXTK supplementary tutorial #2\answer code\DirectXTK\Bin\Desktop_2012\Win32\Debug\CL.write.1.tlog
C:\Carleton\2501winter2014 Nel\tutorials\DirectXTK supplementary tutorial #2\answer code\DirectXTK\Bin\Desktop_2012\Win32\Debug\Lib-link.read.1.tlog
C:\Carleton\2501winter2014 Nel\tutorials\DirectXTK supplementary tutorial #2\answer code\DirectXTK\Bin\Desktop_2012\Win32\Debug\Lib-link.write.1.tlog
C:\Carleton\2501winter2014 Nel\tutorials\DirectXTK supplementary tutorial #2\answer code\DirectXTK\Bin\Desktop_2012\Win32\Debug\lib.command.1.tlog
C:\Carleton\2501winter2014 Nel\tutorials\DirectXTK supplementary tutorial #2\answer code\DirectXTK\Bin\Desktop_2012\Win32\Debug\DirectXTK.pch
C:\Carleton\2501winter2014 Nel\tutorials\DirectXTK supplementary tutorial #2\answer code\DirectXTK\Bin\Desktop_2012\Win32\Debug\DirectXTK.idb
C:\Carleton\2501winter2014 Nel\tutorials\DirectXTK supplementary tutorial #2\answer code\DirectXTK\Bin\Desktop_2012\Win32\Debug\directxtk.pdb
C:\Carleton\2501winter2014 Nel\tutorials\DirectXTK supplementary tutorial #2\answer code\DirectXTK\Bin\Desktop_2012\Win32\Debug\DirectXTK.lib
