C:\USERS\BUGSBUNNY\DESKTOP\MARCH 30TH\2501GAME\2501GAME\X64\DEBUG\CASTING.OBJ
C:\USERS\BUGSBUNNY\DESKTOP\MARCH 30TH\2501GAME\2501GAME\X64\DEBUG\COLLISIONBOX.OBJ
C:\USERS\BUGSBUNNY\DESKTOP\MARCH 30TH\2501GAME\2501GAME\X64\DEBUG\COLLISIONS.OBJ
C:\USERS\BUGSBUNNY\DESKTOP\MARCH 30TH\2501GAME\2501GAME\X64\DEBUG\COMPONENT.OBJ
C:\USERS\BUGSBUNNY\DESKTOP\MARCH 30TH\2501GAME\2501GAME\X64\DEBUG\EFFECT.OBJ
C:\USERS\BUGSBUNNY\DESKTOP\MARCH 30TH\2501GAME\2501GAME\X64\DEBUG\ENEMY.OBJ
C:\USERS\BUGSBUNNY\DESKTOP\MARCH 30TH\2501GAME\2501GAME\X64\DEBUG\ENGINE.OBJ
C:\USERS\BUGSBUNNY\DESKTOP\MARCH 30TH\2501GAME\2501GAME\X64\DEBUG\ENVIRONMENT.OBJ
C:\USERS\BUGSBUNNY\DESKTOP\MARCH 30TH\2501GAME\2501GAME\X64\DEBUG\HUD.OBJ
C:\USERS\BUGSBUNNY\DESKTOP\MARCH 30TH\2501GAME\2501GAME\X64\DEBUG\KEYINPUT.OBJ
C:\USERS\BUGSBUNNY\DESKTOP\MARCH 30TH\2501GAME\2501GAME\X64\DEBUG\MENU.OBJ
C:\USERS\BUGSBUNNY\DESKTOP\MARCH 30TH\2501GAME\2501GAME\X64\DEBUG\PLAYER.OBJ
C:\USERS\BUGSBUNNY\DESKTOP\MARCH 30TH\2501GAME\2501GAME\X64\DEBUG\PROJECTILE.OBJ
C:\USERS\BUGSBUNNY\DESKTOP\MARCH 30TH\2501GAME\2501GAME\X64\DEBUG\RECT.OBJ
C:\USERS\BUGSBUNNY\DESKTOP\MARCH 30TH\2501GAME\2501GAME\X64\DEBUG\SPRITE.OBJ
C:\USERS\BUGSBUNNY\DESKTOP\MARCH 30TH\2501GAME\2501GAME\X64\DEBUG\STDAFX.OBJ
C:\USERS\BUGSBUNNY\DESKTOP\MARCH 30TH\2501GAME\2501GAME\X64\DEBUG\TEXT.OBJ
C:\USERS\BUGSBUNNY\DESKTOP\MARCH 30TH\2501GAME\2501GAME\X64\DEBUG\UNIT.OBJ
C:\USERS\BUGSBUNNY\DESKTOP\MARCH 30TH\2501GAME\2501GAME\X64\DEBUG\UNITCONTROL.OBJ
C:\USERS\BUGSBUNNY\DESKTOP\MARCH 30TH\2501GAME\2501GAME\X64\DEBUG\VITALS.OBJ
C:\USERS\BUGSBUNNY\DESKTOP\MARCH 30TH\2501GAME\2501GAME\X64\DEBUG\VC110.PDB
C:\USERS\BUGSBUNNY\DESKTOP\MARCH 30TH\2501GAME\2501GAME\X64\DEBUG\LEVELSYSTEM.OBJ
C:\USERS\BUGSBUNNY\DESKTOP\MARCH 30TH\2501GAME\X64\DEBUG\2501GAME.ILK
C:\USERS\BUGSBUNNY\DESKTOP\MARCH 30TH\2501GAME\X64\DEBUG\2501GAME.EXE
C:\USERS\BUGSBUNNY\DESKTOP\MARCH 30TH\2501GAME\X64\DEBUG\2501GAME.PDB
C:\USERS\BUGSBUNNY\DESKTOP\MARCH 30TH\2501GAME\2501GAME\X64\DEBUG\2501GAME.RES
C:\Users\BugsBunny\Desktop\March 30th\2501Game\2501Game\x64\Debug\2501Game.vcxprojResolveAssemblyReference.cache
C:\Users\BugsBunny\Desktop\March 30th\2501Game\2501Game\x64\Debug\Casting.obj
C:\Users\BugsBunny\Desktop\March 30th\2501Game\2501Game\x64\Debug\CollisionBox.obj
C:\Users\BugsBunny\Desktop\March 30th\2501Game\2501Game\x64\Debug\Collisions.obj
C:\Users\BugsBunny\Desktop\March 30th\2501Game\2501Game\x64\Debug\Component.obj
C:\Users\BugsBunny\Desktop\March 30th\2501Game\2501Game\x64\Debug\Effect.obj
C:\Users\BugsBunny\Desktop\March 30th\2501Game\2501Game\x64\Debug\Enemy.obj
C:\Users\BugsBunny\Desktop\March 30th\2501Game\2501Game\x64\Debug\Engine.obj
C:\Users\BugsBunny\Desktop\March 30th\2501Game\2501Game\x64\Debug\Environment.obj
C:\Users\BugsBunny\Desktop\March 30th\2501Game\2501Game\x64\Debug\Hud.obj
C:\Users\BugsBunny\Desktop\March 30th\2501Game\2501Game\x64\Debug\KeyInput.obj
C:\Users\BugsBunny\Desktop\March 30th\2501Game\2501Game\x64\Debug\LevelSystem.obj
C:\Users\BugsBunny\Desktop\March 30th\2501Game\2501Game\x64\Debug\Menu.obj
C:\Users\BugsBunny\Desktop\March 30th\2501Game\2501Game\x64\Debug\Node.obj
C:\Users\BugsBunny\Desktop\March 30th\2501Game\2501Game\x64\Debug\Player.obj
C:\Users\BugsBunny\Desktop\March 30th\2501Game\2501Game\x64\Debug\Projectile.obj
C:\Users\BugsBunny\Desktop\March 30th\2501Game\2501Game\x64\Debug\Rect.obj
C:\Users\BugsBunny\Desktop\March 30th\2501Game\2501Game\x64\Debug\Sprite.obj
C:\Users\BugsBunny\Desktop\March 30th\2501Game\2501Game\x64\Debug\stdafx.obj
C:\Users\BugsBunny\Desktop\March 30th\2501Game\2501Game\x64\Debug\Text.obj
C:\Users\BugsBunny\Desktop\March 30th\2501Game\2501Game\x64\Debug\Unit.obj
C:\Users\BugsBunny\Desktop\March 30th\2501Game\2501Game\x64\Debug\UnitControl.obj
C:\Users\BugsBunny\Desktop\March 30th\2501Game\2501Game\x64\Debug\Vitals.obj
C:\Users\BugsBunny\Desktop\March 30th\2501Game\2501Game\x64\Debug\cl.command.1.tlog
C:\Users\BugsBunny\Desktop\March 30th\2501Game\2501Game\x64\Debug\CL.read.1.tlog
C:\Users\BugsBunny\Desktop\March 30th\2501Game\2501Game\x64\Debug\CL.write.1.tlog
C:\Users\BugsBunny\Desktop\March 30th\2501Game\2501Game\x64\Debug\link-cvtres.read.1.tlog
C:\Users\BugsBunny\Desktop\March 30th\2501Game\2501Game\x64\Debug\link-cvtres.write.1.tlog
C:\Users\BugsBunny\Desktop\March 30th\2501Game\2501Game\x64\Debug\link-rc.read.1.tlog
C:\Users\BugsBunny\Desktop\March 30th\2501Game\2501Game\x64\Debug\link-rc.write.1.tlog
C:\Users\BugsBunny\Desktop\March 30th\2501Game\2501Game\x64\Debug\link.1036-cvtres.read.1.tlog
C:\Users\BugsBunny\Desktop\March 30th\2501Game\2501Game\x64\Debug\link.1036-cvtres.write.1.tlog
C:\Users\BugsBunny\Desktop\March 30th\2501Game\2501Game\x64\Debug\link.1036-rc.read.1.tlog
C:\Users\BugsBunny\Desktop\March 30th\2501Game\2501Game\x64\Debug\link.1036-rc.write.1.tlog
C:\Users\BugsBunny\Desktop\March 30th\2501Game\2501Game\x64\Debug\link.1036.read.1.tlog
C:\Users\BugsBunny\Desktop\March 30th\2501Game\2501Game\x64\Debug\link.1036.write.1.tlog
C:\Users\BugsBunny\Desktop\March 30th\2501Game\2501Game\x64\Debug\link.1136-cvtres.read.1.tlog
C:\Users\BugsBunny\Desktop\March 30th\2501Game\2501Game\x64\Debug\link.1136-cvtres.write.1.tlog
C:\Users\BugsBunny\Desktop\March 30th\2501Game\2501Game\x64\Debug\link.1136-rc.read.1.tlog
C:\Users\BugsBunny\Desktop\March 30th\2501Game\2501Game\x64\Debug\link.1136-rc.write.1.tlog
C:\Users\BugsBunny\Desktop\March 30th\2501Game\2501Game\x64\Debug\link.1136.read.1.tlog
C:\Users\BugsBunny\Desktop\March 30th\2501Game\2501Game\x64\Debug\link.1136.write.1.tlog
C:\Users\BugsBunny\Desktop\March 30th\2501Game\2501Game\x64\Debug\link.1140-cvtres.read.1.tlog
C:\Users\BugsBunny\Desktop\March 30th\2501Game\2501Game\x64\Debug\link.1140-cvtres.write.1.tlog
C:\Users\BugsBunny\Desktop\March 30th\2501Game\2501Game\x64\Debug\link.1140-rc.read.1.tlog
C:\Users\BugsBunny\Desktop\March 30th\2501Game\2501Game\x64\Debug\link.1140-rc.write.1.tlog
C:\Users\BugsBunny\Desktop\March 30th\2501Game\2501Game\x64\Debug\link.1140.read.1.tlog
C:\Users\BugsBunny\Desktop\March 30th\2501Game\2501Game\x64\Debug\link.1140.write.1.tlog
C:\Users\BugsBunny\Desktop\March 30th\2501Game\2501Game\x64\Debug\link.1176-cvtres.read.1.tlog
C:\Users\BugsBunny\Desktop\March 30th\2501Game\2501Game\x64\Debug\link.1176-cvtres.write.1.tlog
C:\Users\BugsBunny\Desktop\March 30th\2501Game\2501Game\x64\Debug\link.1176-rc.read.1.tlog
C:\Users\BugsBunny\Desktop\March 30th\2501Game\2501Game\x64\Debug\link.1176-rc.write.1.tlog
C:\Users\BugsBunny\Desktop\March 30th\2501Game\2501Game\x64\Debug\link.1176.read.1.tlog
C:\Users\BugsBunny\Desktop\March 30th\2501Game\2501Game\x64\Debug\link.1176.write.1.tlog
C:\Users\BugsBunny\Desktop\March 30th\2501Game\2501Game\x64\Debug\link.1192-cvtres.read.1.tlog
C:\Users\BugsBunny\Desktop\March 30th\2501Game\2501Game\x64\Debug\link.1192-cvtres.write.1.tlog
C:\Users\BugsBunny\Desktop\March 30th\2501Game\2501Game\x64\Debug\link.1192-rc.read.1.tlog
C:\Users\BugsBunny\Desktop\March 30th\2501Game\2501Game\x64\Debug\link.1192-rc.write.1.tlog
C:\Users\BugsBunny\Desktop\March 30th\2501Game\2501Game\x64\Debug\link.1192.read.1.tlog
C:\Users\BugsBunny\Desktop\March 30th\2501Game\2501Game\x64\Debug\link.1192.write.1.tlog
C:\Users\BugsBunny\Desktop\March 30th\2501Game\2501Game\x64\Debug\link.1324-cvtres.read.1.tlog
C:\Users\BugsBunny\Desktop\March 30th\2501Game\2501Game\x64\Debug\link.1324-cvtres.write.1.tlog
C:\Users\BugsBunny\Desktop\March 30th\2501Game\2501Game\x64\Debug\link.1324-rc.read.1.tlog
C:\Users\BugsBunny\Desktop\March 30th\2501Game\2501Game\x64\Debug\link.1324-rc.write.1.tlog
C:\Users\BugsBunny\Desktop\March 30th\2501Game\2501Game\x64\Debug\link.1324.read.1.tlog
C:\Users\BugsBunny\Desktop\March 30th\2501Game\2501Game\x64\Debug\link.1324.write.1.tlog
C:\Users\BugsBunny\Desktop\March 30th\2501Game\2501Game\x64\Debug\link.1356-cvtres.read.1.tlog
C:\Users\BugsBunny\Desktop\March 30th\2501Game\2501Game\x64\Debug\link.1356-cvtres.write.1.tlog
C:\Users\BugsBunny\Desktop\March 30th\2501Game\2501Game\x64\Debug\link.1356-rc.read.1.tlog
C:\Users\BugsBunny\Desktop\March 30th\2501Game\2501Game\x64\Debug\link.1356-rc.write.1.tlog
C:\Users\BugsBunny\Desktop\March 30th\2501Game\2501Game\x64\Debug\link.1356.read.1.tlog
C:\Users\BugsBunny\Desktop\March 30th\2501Game\2501Game\x64\Debug\link.1356.write.1.tlog
C:\Users\BugsBunny\Desktop\March 30th\2501Game\2501Game\x64\Debug\link.1484-cvtres.read.1.tlog
C:\Users\BugsBunny\Desktop\March 30th\2501Game\2501Game\x64\Debug\link.1484-cvtres.write.1.tlog
C:\Users\BugsBunny\Desktop\March 30th\2501Game\2501Game\x64\Debug\link.1484-rc.read.1.tlog
C:\Users\BugsBunny\Desktop\March 30th\2501Game\2501Game\x64\Debug\link.1484-rc.write.1.tlog
C:\Users\BugsBunny\Desktop\March 30th\2501Game\2501Game\x64\Debug\link.1484.read.1.tlog
C:\Users\BugsBunny\Desktop\March 30th\2501Game\2501Game\x64\Debug\link.1484.write.1.tlog
C:\Users\BugsBunny\Desktop\March 30th\2501Game\2501Game\x64\Debug\link.1612-cvtres.read.1.tlog
C:\Users\BugsBunny\Desktop\March 30th\2501Game\2501Game\x64\Debug\link.1612-cvtres.write.1.tlog
C:\Users\BugsBunny\Desktop\March 30th\2501Game\2501Game\x64\Debug\link.1612-rc.read.1.tlog
C:\Users\BugsBunny\Desktop\March 30th\2501Game\2501Game\x64\Debug\link.1612-rc.write.1.tlog
C:\Users\BugsBunny\Desktop\March 30th\2501Game\2501Game\x64\Debug\link.1612.read.1.tlog
C:\Users\BugsBunny\Desktop\March 30th\2501Game\2501Game\x64\Debug\link.1612.write.1.tlog
C:\Users\BugsBunny\Desktop\March 30th\2501Game\2501Game\x64\Debug\link.176-cvtres.read.1.tlog
C:\Users\BugsBunny\Desktop\March 30th\2501Game\2501Game\x64\Debug\link.176-cvtres.write.1.tlog
C:\Users\BugsBunny\Desktop\March 30th\2501Game\2501Game\x64\Debug\link.176-rc.read.1.tlog
C:\Users\BugsBunny\Desktop\March 30th\2501Game\2501Game\x64\Debug\link.176-rc.write.1.tlog
C:\Users\BugsBunny\Desktop\March 30th\2501Game\2501Game\x64\Debug\link.176.read.1.tlog
C:\Users\BugsBunny\Desktop\March 30th\2501Game\2501Game\x64\Debug\link.176.write.1.tlog
C:\Users\BugsBunny\Desktop\March 30th\2501Game\2501Game\x64\Debug\link.1788-cvtres.read.1.tlog
C:\Users\BugsBunny\Desktop\March 30th\2501Game\2501Game\x64\Debug\link.1788-cvtres.write.1.tlog
C:\Users\BugsBunny\Desktop\March 30th\2501Game\2501Game\x64\Debug\link.1788-rc.read.1.tlog
C:\Users\BugsBunny\Desktop\March 30th\2501Game\2501Game\x64\Debug\link.1788-rc.write.1.tlog
C:\Users\BugsBunny\Desktop\March 30th\2501Game\2501Game\x64\Debug\link.1788.read.1.tlog
C:\Users\BugsBunny\Desktop\March 30th\2501Game\2501Game\x64\Debug\link.1788.write.1.tlog
C:\Users\BugsBunny\Desktop\March 30th\2501Game\2501Game\x64\Debug\link.1932-cvtres.read.1.tlog
C:\Users\BugsBunny\Desktop\March 30th\2501Game\2501Game\x64\Debug\link.1932-cvtres.write.1.tlog
C:\Users\BugsBunny\Desktop\March 30th\2501Game\2501Game\x64\Debug\link.1932-rc.read.1.tlog
C:\Users\BugsBunny\Desktop\March 30th\2501Game\2501Game\x64\Debug\link.1932-rc.write.1.tlog
C:\Users\BugsBunny\Desktop\March 30th\2501Game\2501Game\x64\Debug\link.1932.read.1.tlog
C:\Users\BugsBunny\Desktop\March 30th\2501Game\2501Game\x64\Debug\link.1932.write.1.tlog
C:\Users\BugsBunny\Desktop\March 30th\2501Game\2501Game\x64\Debug\link.2144-cvtres.read.1.tlog
C:\Users\BugsBunny\Desktop\March 30th\2501Game\2501Game\x64\Debug\link.2144-cvtres.write.1.tlog
C:\Users\BugsBunny\Desktop\March 30th\2501Game\2501Game\x64\Debug\link.2144-rc.read.1.tlog
C:\Users\BugsBunny\Desktop\March 30th\2501Game\2501Game\x64\Debug\link.2144-rc.write.1.tlog
C:\Users\BugsBunny\Desktop\March 30th\2501Game\2501Game\x64\Debug\link.2144.read.1.tlog
C:\Users\BugsBunny\Desktop\March 30th\2501Game\2501Game\x64\Debug\link.2144.write.1.tlog
C:\Users\BugsBunny\Desktop\March 30th\2501Game\2501Game\x64\Debug\link.2432-cvtres.read.1.tlog
C:\Users\BugsBunny\Desktop\March 30th\2501Game\2501Game\x64\Debug\link.2432-cvtres.write.1.tlog
C:\Users\BugsBunny\Desktop\March 30th\2501Game\2501Game\x64\Debug\link.2432-rc.read.1.tlog
C:\Users\BugsBunny\Desktop\March 30th\2501Game\2501Game\x64\Debug\link.2432-rc.write.1.tlog
C:\Users\BugsBunny\Desktop\March 30th\2501Game\2501Game\x64\Debug\link.2432.read.1.tlog
C:\Users\BugsBunny\Desktop\March 30th\2501Game\2501Game\x64\Debug\link.2432.write.1.tlog
C:\Users\BugsBunny\Desktop\March 30th\2501Game\2501Game\x64\Debug\link.2480-cvtres.read.1.tlog
C:\Users\BugsBunny\Desktop\March 30th\2501Game\2501Game\x64\Debug\link.2480-cvtres.write.1.tlog
C:\Users\BugsBunny\Desktop\March 30th\2501Game\2501Game\x64\Debug\link.2480-rc.read.1.tlog
C:\Users\BugsBunny\Desktop\March 30th\2501Game\2501Game\x64\Debug\link.2480-rc.write.1.tlog
C:\Users\BugsBunny\Desktop\March 30th\2501Game\2501Game\x64\Debug\link.2480.read.1.tlog
C:\Users\BugsBunny\Desktop\March 30th\2501Game\2501Game\x64\Debug\link.2480.write.1.tlog
C:\Users\BugsBunny\Desktop\March 30th\2501Game\2501Game\x64\Debug\link.2740-cvtres.read.1.tlog
C:\Users\BugsBunny\Desktop\March 30th\2501Game\2501Game\x64\Debug\link.2740-cvtres.write.1.tlog
C:\Users\BugsBunny\Desktop\March 30th\2501Game\2501Game\x64\Debug\link.2740-rc.read.1.tlog
C:\Users\BugsBunny\Desktop\March 30th\2501Game\2501Game\x64\Debug\link.2740-rc.write.1.tlog
C:\Users\BugsBunny\Desktop\March 30th\2501Game\2501Game\x64\Debug\link.2740.read.1.tlog
C:\Users\BugsBunny\Desktop\March 30th\2501Game\2501Game\x64\Debug\link.2740.write.1.tlog
C:\Users\BugsBunny\Desktop\March 30th\2501Game\2501Game\x64\Debug\link.2872-cvtres.read.1.tlog
C:\Users\BugsBunny\Desktop\March 30th\2501Game\2501Game\x64\Debug\link.2872-cvtres.write.1.tlog
C:\Users\BugsBunny\Desktop\March 30th\2501Game\2501Game\x64\Debug\link.2872-rc.read.1.tlog
C:\Users\BugsBunny\Desktop\March 30th\2501Game\2501Game\x64\Debug\link.2872-rc.write.1.tlog
C:\Users\BugsBunny\Desktop\March 30th\2501Game\2501Game\x64\Debug\link.2872.read.1.tlog
C:\Users\BugsBunny\Desktop\March 30th\2501Game\2501Game\x64\Debug\link.2872.write.1.tlog
C:\Users\BugsBunny\Desktop\March 30th\2501Game\2501Game\x64\Debug\link.2876-cvtres.read.1.tlog
C:\Users\BugsBunny\Desktop\March 30th\2501Game\2501Game\x64\Debug\link.2876-cvtres.write.1.tlog
C:\Users\BugsBunny\Desktop\March 30th\2501Game\2501Game\x64\Debug\link.2876-rc.read.1.tlog
C:\Users\BugsBunny\Desktop\March 30th\2501Game\2501Game\x64\Debug\link.2876-rc.write.1.tlog
C:\Users\BugsBunny\Desktop\March 30th\2501Game\2501Game\x64\Debug\link.2876.read.1.tlog
C:\Users\BugsBunny\Desktop\March 30th\2501Game\2501Game\x64\Debug\link.2876.write.1.tlog
C:\Users\BugsBunny\Desktop\March 30th\2501Game\2501Game\x64\Debug\link.3020-cvtres.read.1.tlog
C:\Users\BugsBunny\Desktop\March 30th\2501Game\2501Game\x64\Debug\link.3020-cvtres.write.1.tlog
C:\Users\BugsBunny\Desktop\March 30th\2501Game\2501Game\x64\Debug\link.3020-rc.read.1.tlog
C:\Users\BugsBunny\Desktop\March 30th\2501Game\2501Game\x64\Debug\link.3020-rc.write.1.tlog
C:\Users\BugsBunny\Desktop\March 30th\2501Game\2501Game\x64\Debug\link.3020.read.1.tlog
C:\Users\BugsBunny\Desktop\March 30th\2501Game\2501Game\x64\Debug\link.3020.write.1.tlog
C:\Users\BugsBunny\Desktop\March 30th\2501Game\2501Game\x64\Debug\link.3140-cvtres.read.1.tlog
C:\Users\BugsBunny\Desktop\March 30th\2501Game\2501Game\x64\Debug\link.3140-cvtres.write.1.tlog
C:\Users\BugsBunny\Desktop\March 30th\2501Game\2501Game\x64\Debug\link.3140-rc.read.1.tlog
C:\Users\BugsBunny\Desktop\March 30th\2501Game\2501Game\x64\Debug\link.3140-rc.write.1.tlog
C:\Users\BugsBunny\Desktop\March 30th\2501Game\2501Game\x64\Debug\link.3140.read.1.tlog
C:\Users\BugsBunny\Desktop\March 30th\2501Game\2501Game\x64\Debug\link.3140.write.1.tlog
C:\Users\BugsBunny\Desktop\March 30th\2501Game\2501Game\x64\Debug\link.3168-cvtres.read.1.tlog
C:\Users\BugsBunny\Desktop\March 30th\2501Game\2501Game\x64\Debug\link.3168-cvtres.write.1.tlog
C:\Users\BugsBunny\Desktop\March 30th\2501Game\2501Game\x64\Debug\link.3168-rc.read.1.tlog
C:\Users\BugsBunny\Desktop\March 30th\2501Game\2501Game\x64\Debug\link.3168-rc.write.1.tlog
C:\Users\BugsBunny\Desktop\March 30th\2501Game\2501Game\x64\Debug\link.3168.read.1.tlog
C:\Users\BugsBunny\Desktop\March 30th\2501Game\2501Game\x64\Debug\link.3168.write.1.tlog
C:\Users\BugsBunny\Desktop\March 30th\2501Game\2501Game\x64\Debug\link.3464-cvtres.read.1.tlog
C:\Users\BugsBunny\Desktop\March 30th\2501Game\2501Game\x64\Debug\link.3464-cvtres.write.1.tlog
C:\Users\BugsBunny\Desktop\March 30th\2501Game\2501Game\x64\Debug\link.3464-rc.read.1.tlog
C:\Users\BugsBunny\Desktop\March 30th\2501Game\2501Game\x64\Debug\link.3464-rc.write.1.tlog
C:\Users\BugsBunny\Desktop\March 30th\2501Game\2501Game\x64\Debug\link.3464.read.1.tlog
C:\Users\BugsBunny\Desktop\March 30th\2501Game\2501Game\x64\Debug\link.3464.write.1.tlog
C:\Users\BugsBunny\Desktop\March 30th\2501Game\2501Game\x64\Debug\link.3592-cvtres.read.1.tlog
C:\Users\BugsBunny\Desktop\March 30th\2501Game\2501Game\x64\Debug\link.3592-cvtres.write.1.tlog
C:\Users\BugsBunny\Desktop\March 30th\2501Game\2501Game\x64\Debug\link.3592-rc.read.1.tlog
C:\Users\BugsBunny\Desktop\March 30th\2501Game\2501Game\x64\Debug\link.3592-rc.write.1.tlog
C:\Users\BugsBunny\Desktop\March 30th\2501Game\2501Game\x64\Debug\link.3592.read.1.tlog
C:\Users\BugsBunny\Desktop\March 30th\2501Game\2501Game\x64\Debug\link.3592.write.1.tlog
C:\Users\BugsBunny\Desktop\March 30th\2501Game\2501Game\x64\Debug\link.3672-cvtres.read.1.tlog
C:\Users\BugsBunny\Desktop\March 30th\2501Game\2501Game\x64\Debug\link.3672-cvtres.write.1.tlog
C:\Users\BugsBunny\Desktop\March 30th\2501Game\2501Game\x64\Debug\link.3672-rc.read.1.tlog
C:\Users\BugsBunny\Desktop\March 30th\2501Game\2501Game\x64\Debug\link.3672-rc.write.1.tlog
C:\Users\BugsBunny\Desktop\March 30th\2501Game\2501Game\x64\Debug\link.3672.read.1.tlog
C:\Users\BugsBunny\Desktop\March 30th\2501Game\2501Game\x64\Debug\link.3672.write.1.tlog
C:\Users\BugsBunny\Desktop\March 30th\2501Game\2501Game\x64\Debug\link.3944-cvtres.read.1.tlog
C:\Users\BugsBunny\Desktop\March 30th\2501Game\2501Game\x64\Debug\link.3944-cvtres.write.1.tlog
C:\Users\BugsBunny\Desktop\March 30th\2501Game\2501Game\x64\Debug\link.3944-rc.read.1.tlog
C:\Users\BugsBunny\Desktop\March 30th\2501Game\2501Game\x64\Debug\link.3944-rc.write.1.tlog
C:\Users\BugsBunny\Desktop\March 30th\2501Game\2501Game\x64\Debug\link.3944.read.1.tlog
C:\Users\BugsBunny\Desktop\March 30th\2501Game\2501Game\x64\Debug\link.3944.write.1.tlog
C:\Users\BugsBunny\Desktop\March 30th\2501Game\2501Game\x64\Debug\link.4024-cvtres.read.1.tlog
C:\Users\BugsBunny\Desktop\March 30th\2501Game\2501Game\x64\Debug\link.4024-cvtres.write.1.tlog
C:\Users\BugsBunny\Desktop\March 30th\2501Game\2501Game\x64\Debug\link.4024-rc.read.1.tlog
C:\Users\BugsBunny\Desktop\March 30th\2501Game\2501Game\x64\Debug\link.4024-rc.write.1.tlog
C:\Users\BugsBunny\Desktop\March 30th\2501Game\2501Game\x64\Debug\link.4024.read.1.tlog
C:\Users\BugsBunny\Desktop\March 30th\2501Game\2501Game\x64\Debug\link.4024.write.1.tlog
C:\Users\BugsBunny\Desktop\March 30th\2501Game\2501Game\x64\Debug\link.4332-cvtres.read.1.tlog
C:\Users\BugsBunny\Desktop\March 30th\2501Game\2501Game\x64\Debug\link.4332-cvtres.write.1.tlog
C:\Users\BugsBunny\Desktop\March 30th\2501Game\2501Game\x64\Debug\link.4332-rc.read.1.tlog
C:\Users\BugsBunny\Desktop\March 30th\2501Game\2501Game\x64\Debug\link.4332-rc.write.1.tlog
C:\Users\BugsBunny\Desktop\March 30th\2501Game\2501Game\x64\Debug\link.4332.read.1.tlog
C:\Users\BugsBunny\Desktop\March 30th\2501Game\2501Game\x64\Debug\link.4332.write.1.tlog
C:\Users\BugsBunny\Desktop\March 30th\2501Game\2501Game\x64\Debug\link.4356-cvtres.read.1.tlog
C:\Users\BugsBunny\Desktop\March 30th\2501Game\2501Game\x64\Debug\link.4356-cvtres.write.1.tlog
C:\Users\BugsBunny\Desktop\March 30th\2501Game\2501Game\x64\Debug\link.4356-rc.read.1.tlog
C:\Users\BugsBunny\Desktop\March 30th\2501Game\2501Game\x64\Debug\link.4356-rc.write.1.tlog
C:\Users\BugsBunny\Desktop\March 30th\2501Game\2501Game\x64\Debug\link.4356.read.1.tlog
C:\Users\BugsBunny\Desktop\March 30th\2501Game\2501Game\x64\Debug\link.4356.write.1.tlog
C:\Users\BugsBunny\Desktop\March 30th\2501Game\2501Game\x64\Debug\link.4384-cvtres.read.1.tlog
C:\Users\BugsBunny\Desktop\March 30th\2501Game\2501Game\x64\Debug\link.4384-cvtres.write.1.tlog
C:\Users\BugsBunny\Desktop\March 30th\2501Game\2501Game\x64\Debug\link.4384-rc.read.1.tlog
C:\Users\BugsBunny\Desktop\March 30th\2501Game\2501Game\x64\Debug\link.4384-rc.write.1.tlog
C:\Users\BugsBunny\Desktop\March 30th\2501Game\2501Game\x64\Debug\link.4384.read.1.tlog
C:\Users\BugsBunny\Desktop\March 30th\2501Game\2501Game\x64\Debug\link.4384.write.1.tlog
C:\Users\BugsBunny\Desktop\March 30th\2501Game\2501Game\x64\Debug\link.4436-cvtres.read.1.tlog
C:\Users\BugsBunny\Desktop\March 30th\2501Game\2501Game\x64\Debug\link.4436-cvtres.write.1.tlog
C:\Users\BugsBunny\Desktop\March 30th\2501Game\2501Game\x64\Debug\link.4436-rc.read.1.tlog
C:\Users\BugsBunny\Desktop\March 30th\2501Game\2501Game\x64\Debug\link.4436-rc.write.1.tlog
C:\Users\BugsBunny\Desktop\March 30th\2501Game\2501Game\x64\Debug\link.4436.read.1.tlog
C:\Users\BugsBunny\Desktop\March 30th\2501Game\2501Game\x64\Debug\link.4436.write.1.tlog
C:\Users\BugsBunny\Desktop\March 30th\2501Game\2501Game\x64\Debug\link.4460-cvtres.read.1.tlog
C:\Users\BugsBunny\Desktop\March 30th\2501Game\2501Game\x64\Debug\link.4460-cvtres.write.1.tlog
C:\Users\BugsBunny\Desktop\March 30th\2501Game\2501Game\x64\Debug\link.4460-rc.read.1.tlog
C:\Users\BugsBunny\Desktop\March 30th\2501Game\2501Game\x64\Debug\link.4460-rc.write.1.tlog
C:\Users\BugsBunny\Desktop\March 30th\2501Game\2501Game\x64\Debug\link.4460.read.1.tlog
C:\Users\BugsBunny\Desktop\March 30th\2501Game\2501Game\x64\Debug\link.4460.write.1.tlog
C:\Users\BugsBunny\Desktop\March 30th\2501Game\2501Game\x64\Debug\link.4556-cvtres.read.1.tlog
C:\Users\BugsBunny\Desktop\March 30th\2501Game\2501Game\x64\Debug\link.4556-cvtres.write.1.tlog
C:\Users\BugsBunny\Desktop\March 30th\2501Game\2501Game\x64\Debug\link.4556-rc.read.1.tlog
C:\Users\BugsBunny\Desktop\March 30th\2501Game\2501Game\x64\Debug\link.4556-rc.write.1.tlog
C:\Users\BugsBunny\Desktop\March 30th\2501Game\2501Game\x64\Debug\link.4556.read.1.tlog
C:\Users\BugsBunny\Desktop\March 30th\2501Game\2501Game\x64\Debug\link.4556.write.1.tlog
C:\Users\BugsBunny\Desktop\March 30th\2501Game\2501Game\x64\Debug\link.4800-cvtres.read.1.tlog
C:\Users\BugsBunny\Desktop\March 30th\2501Game\2501Game\x64\Debug\link.4800-cvtres.write.1.tlog
C:\Users\BugsBunny\Desktop\March 30th\2501Game\2501Game\x64\Debug\link.4800-rc.read.1.tlog
C:\Users\BugsBunny\Desktop\March 30th\2501Game\2501Game\x64\Debug\link.4800-rc.write.1.tlog
C:\Users\BugsBunny\Desktop\March 30th\2501Game\2501Game\x64\Debug\link.4800.read.1.tlog
C:\Users\BugsBunny\Desktop\March 30th\2501Game\2501Game\x64\Debug\link.4800.write.1.tlog
C:\Users\BugsBunny\Desktop\March 30th\2501Game\2501Game\x64\Debug\link.4852-cvtres.read.1.tlog
C:\Users\BugsBunny\Desktop\March 30th\2501Game\2501Game\x64\Debug\link.4852-cvtres.write.1.tlog
C:\Users\BugsBunny\Desktop\March 30th\2501Game\2501Game\x64\Debug\link.4852-rc.read.1.tlog
C:\Users\BugsBunny\Desktop\March 30th\2501Game\2501Game\x64\Debug\link.4852-rc.write.1.tlog
C:\Users\BugsBunny\Desktop\March 30th\2501Game\2501Game\x64\Debug\link.4852.read.1.tlog
C:\Users\BugsBunny\Desktop\March 30th\2501Game\2501Game\x64\Debug\link.4852.write.1.tlog
C:\Users\BugsBunny\Desktop\March 30th\2501Game\2501Game\x64\Debug\link.5028-cvtres.read.1.tlog
C:\Users\BugsBunny\Desktop\March 30th\2501Game\2501Game\x64\Debug\link.5028-cvtres.write.1.tlog
C:\Users\BugsBunny\Desktop\March 30th\2501Game\2501Game\x64\Debug\link.5028-rc.read.1.tlog
C:\Users\BugsBunny\Desktop\March 30th\2501Game\2501Game\x64\Debug\link.5028-rc.write.1.tlog
C:\Users\BugsBunny\Desktop\March 30th\2501Game\2501Game\x64\Debug\link.5028.read.1.tlog
C:\Users\BugsBunny\Desktop\March 30th\2501Game\2501Game\x64\Debug\link.5028.write.1.tlog
C:\Users\BugsBunny\Desktop\March 30th\2501Game\2501Game\x64\Debug\link.5108-cvtres.read.1.tlog
C:\Users\BugsBunny\Desktop\March 30th\2501Game\2501Game\x64\Debug\link.5108-cvtres.write.1.tlog
C:\Users\BugsBunny\Desktop\March 30th\2501Game\2501Game\x64\Debug\link.5108-rc.read.1.tlog
C:\Users\BugsBunny\Desktop\March 30th\2501Game\2501Game\x64\Debug\link.5108-rc.write.1.tlog
C:\Users\BugsBunny\Desktop\March 30th\2501Game\2501Game\x64\Debug\link.5108.read.1.tlog
C:\Users\BugsBunny\Desktop\March 30th\2501Game\2501Game\x64\Debug\link.5108.write.1.tlog
C:\Users\BugsBunny\Desktop\March 30th\2501Game\2501Game\x64\Debug\link.5140-cvtres.read.1.tlog
C:\Users\BugsBunny\Desktop\March 30th\2501Game\2501Game\x64\Debug\link.5140-cvtres.write.1.tlog
C:\Users\BugsBunny\Desktop\March 30th\2501Game\2501Game\x64\Debug\link.5140-rc.read.1.tlog
C:\Users\BugsBunny\Desktop\March 30th\2501Game\2501Game\x64\Debug\link.5140-rc.write.1.tlog
C:\Users\BugsBunny\Desktop\March 30th\2501Game\2501Game\x64\Debug\link.5140.read.1.tlog
C:\Users\BugsBunny\Desktop\March 30th\2501Game\2501Game\x64\Debug\link.5140.write.1.tlog
C:\Users\BugsBunny\Desktop\March 30th\2501Game\2501Game\x64\Debug\link.5168-cvtres.read.1.tlog
C:\Users\BugsBunny\Desktop\March 30th\2501Game\2501Game\x64\Debug\link.5168-cvtres.write.1.tlog
C:\Users\BugsBunny\Desktop\March 30th\2501Game\2501Game\x64\Debug\link.5168-rc.read.1.tlog
C:\Users\BugsBunny\Desktop\March 30th\2501Game\2501Game\x64\Debug\link.5168-rc.write.1.tlog
C:\Users\BugsBunny\Desktop\March 30th\2501Game\2501Game\x64\Debug\link.5168.read.1.tlog
C:\Users\BugsBunny\Desktop\March 30th\2501Game\2501Game\x64\Debug\link.5168.write.1.tlog
C:\Users\BugsBunny\Desktop\March 30th\2501Game\2501Game\x64\Debug\link.5256-cvtres.read.1.tlog
C:\Users\BugsBunny\Desktop\March 30th\2501Game\2501Game\x64\Debug\link.5256-cvtres.write.1.tlog
C:\Users\BugsBunny\Desktop\March 30th\2501Game\2501Game\x64\Debug\link.5256-rc.read.1.tlog
C:\Users\BugsBunny\Desktop\March 30th\2501Game\2501Game\x64\Debug\link.5256-rc.write.1.tlog
C:\Users\BugsBunny\Desktop\March 30th\2501Game\2501Game\x64\Debug\link.5256.read.1.tlog
C:\Users\BugsBunny\Desktop\March 30th\2501Game\2501Game\x64\Debug\link.5256.write.1.tlog
C:\Users\BugsBunny\Desktop\March 30th\2501Game\2501Game\x64\Debug\link.5260-cvtres.read.1.tlog
C:\Users\BugsBunny\Desktop\March 30th\2501Game\2501Game\x64\Debug\link.5260-cvtres.write.1.tlog
C:\Users\BugsBunny\Desktop\March 30th\2501Game\2501Game\x64\Debug\link.5260-rc.read.1.tlog
C:\Users\BugsBunny\Desktop\March 30th\2501Game\2501Game\x64\Debug\link.5260-rc.write.1.tlog
C:\Users\BugsBunny\Desktop\March 30th\2501Game\2501Game\x64\Debug\link.5260.read.1.tlog
C:\Users\BugsBunny\Desktop\March 30th\2501Game\2501Game\x64\Debug\link.5260.write.1.tlog
C:\Users\BugsBunny\Desktop\March 30th\2501Game\2501Game\x64\Debug\link.5288-cvtres.read.1.tlog
C:\Users\BugsBunny\Desktop\March 30th\2501Game\2501Game\x64\Debug\link.5288-cvtres.write.1.tlog
C:\Users\BugsBunny\Desktop\March 30th\2501Game\2501Game\x64\Debug\link.5288-rc.read.1.tlog
C:\Users\BugsBunny\Desktop\March 30th\2501Game\2501Game\x64\Debug\link.5288-rc.write.1.tlog
C:\Users\BugsBunny\Desktop\March 30th\2501Game\2501Game\x64\Debug\link.5288.read.1.tlog
C:\Users\BugsBunny\Desktop\March 30th\2501Game\2501Game\x64\Debug\link.5288.write.1.tlog
C:\Users\BugsBunny\Desktop\March 30th\2501Game\2501Game\x64\Debug\link.5308-cvtres.read.1.tlog
C:\Users\BugsBunny\Desktop\March 30th\2501Game\2501Game\x64\Debug\link.5308-cvtres.write.1.tlog
C:\Users\BugsBunny\Desktop\March 30th\2501Game\2501Game\x64\Debug\link.5308-rc.read.1.tlog
C:\Users\BugsBunny\Desktop\March 30th\2501Game\2501Game\x64\Debug\link.5308-rc.write.1.tlog
C:\Users\BugsBunny\Desktop\March 30th\2501Game\2501Game\x64\Debug\link.5308.read.1.tlog
C:\Users\BugsBunny\Desktop\March 30th\2501Game\2501Game\x64\Debug\link.5308.write.1.tlog
C:\Users\BugsBunny\Desktop\March 30th\2501Game\2501Game\x64\Debug\link.5380-cvtres.read.1.tlog
C:\Users\BugsBunny\Desktop\March 30th\2501Game\2501Game\x64\Debug\link.5380-cvtres.write.1.tlog
C:\Users\BugsBunny\Desktop\March 30th\2501Game\2501Game\x64\Debug\link.5380-rc.read.1.tlog
C:\Users\BugsBunny\Desktop\March 30th\2501Game\2501Game\x64\Debug\link.5380-rc.write.1.tlog
C:\Users\BugsBunny\Desktop\March 30th\2501Game\2501Game\x64\Debug\link.5380.read.1.tlog
C:\Users\BugsBunny\Desktop\March 30th\2501Game\2501Game\x64\Debug\link.5380.write.1.tlog
C:\Users\BugsBunny\Desktop\March 30th\2501Game\2501Game\x64\Debug\link.5456-cvtres.read.1.tlog
C:\Users\BugsBunny\Desktop\March 30th\2501Game\2501Game\x64\Debug\link.5456-cvtres.write.1.tlog
C:\Users\BugsBunny\Desktop\March 30th\2501Game\2501Game\x64\Debug\link.5456-rc.read.1.tlog
C:\Users\BugsBunny\Desktop\March 30th\2501Game\2501Game\x64\Debug\link.5456-rc.write.1.tlog
C:\Users\BugsBunny\Desktop\March 30th\2501Game\2501Game\x64\Debug\link.5456.read.1.tlog
C:\Users\BugsBunny\Desktop\March 30th\2501Game\2501Game\x64\Debug\link.5456.write.1.tlog
C:\Users\BugsBunny\Desktop\March 30th\2501Game\2501Game\x64\Debug\link.5476-cvtres.read.1.tlog
C:\Users\BugsBunny\Desktop\March 30th\2501Game\2501Game\x64\Debug\link.5476-cvtres.write.1.tlog
C:\Users\BugsBunny\Desktop\March 30th\2501Game\2501Game\x64\Debug\link.5476-rc.read.1.tlog
C:\Users\BugsBunny\Desktop\March 30th\2501Game\2501Game\x64\Debug\link.5476-rc.write.1.tlog
C:\Users\BugsBunny\Desktop\March 30th\2501Game\2501Game\x64\Debug\link.5476.read.1.tlog
C:\Users\BugsBunny\Desktop\March 30th\2501Game\2501Game\x64\Debug\link.5476.write.1.tlog
C:\Users\BugsBunny\Desktop\March 30th\2501Game\2501Game\x64\Debug\link.5604-cvtres.read.1.tlog
C:\Users\BugsBunny\Desktop\March 30th\2501Game\2501Game\x64\Debug\link.5604-cvtres.write.1.tlog
C:\Users\BugsBunny\Desktop\March 30th\2501Game\2501Game\x64\Debug\link.5604-rc.read.1.tlog
C:\Users\BugsBunny\Desktop\March 30th\2501Game\2501Game\x64\Debug\link.5604-rc.write.1.tlog
C:\Users\BugsBunny\Desktop\March 30th\2501Game\2501Game\x64\Debug\link.5604.read.1.tlog
C:\Users\BugsBunny\Desktop\March 30th\2501Game\2501Game\x64\Debug\link.5604.write.1.tlog
C:\Users\BugsBunny\Desktop\March 30th\2501Game\2501Game\x64\Debug\link.5624-cvtres.read.1.tlog
C:\Users\BugsBunny\Desktop\March 30th\2501Game\2501Game\x64\Debug\link.5624-cvtres.write.1.tlog
C:\Users\BugsBunny\Desktop\March 30th\2501Game\2501Game\x64\Debug\link.5624-rc.read.1.tlog
C:\Users\BugsBunny\Desktop\March 30th\2501Game\2501Game\x64\Debug\link.5624-rc.write.1.tlog
C:\Users\BugsBunny\Desktop\March 30th\2501Game\2501Game\x64\Debug\link.5624.read.1.tlog
C:\Users\BugsBunny\Desktop\March 30th\2501Game\2501Game\x64\Debug\link.5624.write.1.tlog
C:\Users\BugsBunny\Desktop\March 30th\2501Game\2501Game\x64\Debug\link.5676-cvtres.read.1.tlog
C:\Users\BugsBunny\Desktop\March 30th\2501Game\2501Game\x64\Debug\link.5676-cvtres.write.1.tlog
C:\Users\BugsBunny\Desktop\March 30th\2501Game\2501Game\x64\Debug\link.5676-rc.read.1.tlog
C:\Users\BugsBunny\Desktop\March 30th\2501Game\2501Game\x64\Debug\link.5676-rc.write.1.tlog
C:\Users\BugsBunny\Desktop\March 30th\2501Game\2501Game\x64\Debug\link.5676.read.1.tlog
C:\Users\BugsBunny\Desktop\March 30th\2501Game\2501Game\x64\Debug\link.5676.write.1.tlog
C:\Users\BugsBunny\Desktop\March 30th\2501Game\2501Game\x64\Debug\link.5684-cvtres.read.1.tlog
C:\Users\BugsBunny\Desktop\March 30th\2501Game\2501Game\x64\Debug\link.5684-cvtres.write.1.tlog
C:\Users\BugsBunny\Desktop\March 30th\2501Game\2501Game\x64\Debug\link.5684-rc.read.1.tlog
C:\Users\BugsBunny\Desktop\March 30th\2501Game\2501Game\x64\Debug\link.5684-rc.write.1.tlog
C:\Users\BugsBunny\Desktop\March 30th\2501Game\2501Game\x64\Debug\link.5684.read.1.tlog
C:\Users\BugsBunny\Desktop\March 30th\2501Game\2501Game\x64\Debug\link.5684.write.1.tlog
C:\Users\BugsBunny\Desktop\March 30th\2501Game\2501Game\x64\Debug\link.5760-cvtres.read.1.tlog
C:\Users\BugsBunny\Desktop\March 30th\2501Game\2501Game\x64\Debug\link.5760-cvtres.write.1.tlog
C:\Users\BugsBunny\Desktop\March 30th\2501Game\2501Game\x64\Debug\link.5760-rc.read.1.tlog
C:\Users\BugsBunny\Desktop\March 30th\2501Game\2501Game\x64\Debug\link.5760-rc.write.1.tlog
C:\Users\BugsBunny\Desktop\March 30th\2501Game\2501Game\x64\Debug\link.5760.read.1.tlog
C:\Users\BugsBunny\Desktop\March 30th\2501Game\2501Game\x64\Debug\link.5760.write.1.tlog
C:\Users\BugsBunny\Desktop\March 30th\2501Game\2501Game\x64\Debug\link.5764-cvtres.read.1.tlog
C:\Users\BugsBunny\Desktop\March 30th\2501Game\2501Game\x64\Debug\link.5764-cvtres.write.1.tlog
C:\Users\BugsBunny\Desktop\March 30th\2501Game\2501Game\x64\Debug\link.5764-rc.read.1.tlog
C:\Users\BugsBunny\Desktop\March 30th\2501Game\2501Game\x64\Debug\link.5764-rc.write.1.tlog
C:\Users\BugsBunny\Desktop\March 30th\2501Game\2501Game\x64\Debug\link.5764.read.1.tlog
C:\Users\BugsBunny\Desktop\March 30th\2501Game\2501Game\x64\Debug\link.5764.write.1.tlog
C:\Users\BugsBunny\Desktop\March 30th\2501Game\2501Game\x64\Debug\link.5772-cvtres.read.1.tlog
C:\Users\BugsBunny\Desktop\March 30th\2501Game\2501Game\x64\Debug\link.5772-cvtres.write.1.tlog
C:\Users\BugsBunny\Desktop\March 30th\2501Game\2501Game\x64\Debug\link.5772-rc.read.1.tlog
C:\Users\BugsBunny\Desktop\March 30th\2501Game\2501Game\x64\Debug\link.5772-rc.write.1.tlog
C:\Users\BugsBunny\Desktop\March 30th\2501Game\2501Game\x64\Debug\link.5772.read.1.tlog
C:\Users\BugsBunny\Desktop\March 30th\2501Game\2501Game\x64\Debug\link.5772.write.1.tlog
C:\Users\BugsBunny\Desktop\March 30th\2501Game\2501Game\x64\Debug\link.5812-cvtres.read.1.tlog
C:\Users\BugsBunny\Desktop\March 30th\2501Game\2501Game\x64\Debug\link.5812-cvtres.write.1.tlog
C:\Users\BugsBunny\Desktop\March 30th\2501Game\2501Game\x64\Debug\link.5812-rc.read.1.tlog
C:\Users\BugsBunny\Desktop\March 30th\2501Game\2501Game\x64\Debug\link.5812-rc.write.1.tlog
C:\Users\BugsBunny\Desktop\March 30th\2501Game\2501Game\x64\Debug\link.5812.read.1.tlog
C:\Users\BugsBunny\Desktop\March 30th\2501Game\2501Game\x64\Debug\link.5812.write.1.tlog
C:\Users\BugsBunny\Desktop\March 30th\2501Game\2501Game\x64\Debug\link.5884-cvtres.read.1.tlog
C:\Users\BugsBunny\Desktop\March 30th\2501Game\2501Game\x64\Debug\link.5884-cvtres.write.1.tlog
C:\Users\BugsBunny\Desktop\March 30th\2501Game\2501Game\x64\Debug\link.5884-rc.read.1.tlog
C:\Users\BugsBunny\Desktop\March 30th\2501Game\2501Game\x64\Debug\link.5884-rc.write.1.tlog
C:\Users\BugsBunny\Desktop\March 30th\2501Game\2501Game\x64\Debug\link.5884.read.1.tlog
C:\Users\BugsBunny\Desktop\March 30th\2501Game\2501Game\x64\Debug\link.5884.write.1.tlog
C:\Users\BugsBunny\Desktop\March 30th\2501Game\2501Game\x64\Debug\link.6064-cvtres.read.1.tlog
C:\Users\BugsBunny\Desktop\March 30th\2501Game\2501Game\x64\Debug\link.6064-cvtres.write.1.tlog
C:\Users\BugsBunny\Desktop\March 30th\2501Game\2501Game\x64\Debug\link.6064-rc.read.1.tlog
C:\Users\BugsBunny\Desktop\March 30th\2501Game\2501Game\x64\Debug\link.6064-rc.write.1.tlog
C:\Users\BugsBunny\Desktop\March 30th\2501Game\2501Game\x64\Debug\link.6064.read.1.tlog
C:\Users\BugsBunny\Desktop\March 30th\2501Game\2501Game\x64\Debug\link.6064.write.1.tlog
C:\Users\BugsBunny\Desktop\March 30th\2501Game\2501Game\x64\Debug\link.6120-cvtres.read.1.tlog
C:\Users\BugsBunny\Desktop\March 30th\2501Game\2501Game\x64\Debug\link.6120-cvtres.write.1.tlog
C:\Users\BugsBunny\Desktop\March 30th\2501Game\2501Game\x64\Debug\link.6120-rc.read.1.tlog
C:\Users\BugsBunny\Desktop\March 30th\2501Game\2501Game\x64\Debug\link.6120-rc.write.1.tlog
C:\Users\BugsBunny\Desktop\March 30th\2501Game\2501Game\x64\Debug\link.6120.read.1.tlog
C:\Users\BugsBunny\Desktop\March 30th\2501Game\2501Game\x64\Debug\link.6120.write.1.tlog
C:\Users\BugsBunny\Desktop\March 30th\2501Game\2501Game\x64\Debug\link.6264-cvtres.read.1.tlog
C:\Users\BugsBunny\Desktop\March 30th\2501Game\2501Game\x64\Debug\link.6264-cvtres.write.1.tlog
C:\Users\BugsBunny\Desktop\March 30th\2501Game\2501Game\x64\Debug\link.6264-rc.read.1.tlog
C:\Users\BugsBunny\Desktop\March 30th\2501Game\2501Game\x64\Debug\link.6264-rc.write.1.tlog
C:\Users\BugsBunny\Desktop\March 30th\2501Game\2501Game\x64\Debug\link.6264.read.1.tlog
C:\Users\BugsBunny\Desktop\March 30th\2501Game\2501Game\x64\Debug\link.6264.write.1.tlog
C:\Users\BugsBunny\Desktop\March 30th\2501Game\2501Game\x64\Debug\link.6272-cvtres.read.1.tlog
C:\Users\BugsBunny\Desktop\March 30th\2501Game\2501Game\x64\Debug\link.6272-cvtres.write.1.tlog
C:\Users\BugsBunny\Desktop\March 30th\2501Game\2501Game\x64\Debug\link.6272-rc.read.1.tlog
C:\Users\BugsBunny\Desktop\March 30th\2501Game\2501Game\x64\Debug\link.6272-rc.write.1.tlog
C:\Users\BugsBunny\Desktop\March 30th\2501Game\2501Game\x64\Debug\link.6272.read.1.tlog
C:\Users\BugsBunny\Desktop\March 30th\2501Game\2501Game\x64\Debug\link.6272.write.1.tlog
C:\Users\BugsBunny\Desktop\March 30th\2501Game\2501Game\x64\Debug\link.6372-cvtres.read.1.tlog
C:\Users\BugsBunny\Desktop\March 30th\2501Game\2501Game\x64\Debug\link.6372-cvtres.write.1.tlog
C:\Users\BugsBunny\Desktop\March 30th\2501Game\2501Game\x64\Debug\link.6372-rc.read.1.tlog
C:\Users\BugsBunny\Desktop\March 30th\2501Game\2501Game\x64\Debug\link.6372-rc.write.1.tlog
C:\Users\BugsBunny\Desktop\March 30th\2501Game\2501Game\x64\Debug\link.6372.read.1.tlog
C:\Users\BugsBunny\Desktop\March 30th\2501Game\2501Game\x64\Debug\link.6372.write.1.tlog
C:\Users\BugsBunny\Desktop\March 30th\2501Game\2501Game\x64\Debug\link.6400-cvtres.read.1.tlog
C:\Users\BugsBunny\Desktop\March 30th\2501Game\2501Game\x64\Debug\link.6400-cvtres.write.1.tlog
C:\Users\BugsBunny\Desktop\March 30th\2501Game\2501Game\x64\Debug\link.6400-rc.read.1.tlog
C:\Users\BugsBunny\Desktop\March 30th\2501Game\2501Game\x64\Debug\link.6400-rc.write.1.tlog
C:\Users\BugsBunny\Desktop\March 30th\2501Game\2501Game\x64\Debug\link.6400.read.1.tlog
C:\Users\BugsBunny\Desktop\March 30th\2501Game\2501Game\x64\Debug\link.6400.write.1.tlog
C:\Users\BugsBunny\Desktop\March 30th\2501Game\2501Game\x64\Debug\link.6412-cvtres.read.1.tlog
C:\Users\BugsBunny\Desktop\March 30th\2501Game\2501Game\x64\Debug\link.6412-cvtres.write.1.tlog
C:\Users\BugsBunny\Desktop\March 30th\2501Game\2501Game\x64\Debug\link.6412-rc.read.1.tlog
C:\Users\BugsBunny\Desktop\March 30th\2501Game\2501Game\x64\Debug\link.6412-rc.write.1.tlog
C:\Users\BugsBunny\Desktop\March 30th\2501Game\2501Game\x64\Debug\link.6412.read.1.tlog
C:\Users\BugsBunny\Desktop\March 30th\2501Game\2501Game\x64\Debug\link.6412.write.1.tlog
C:\Users\BugsBunny\Desktop\March 30th\2501Game\2501Game\x64\Debug\link.6420-cvtres.read.1.tlog
C:\Users\BugsBunny\Desktop\March 30th\2501Game\2501Game\x64\Debug\link.6420-cvtres.write.1.tlog
C:\Users\BugsBunny\Desktop\March 30th\2501Game\2501Game\x64\Debug\link.6420-rc.read.1.tlog
C:\Users\BugsBunny\Desktop\March 30th\2501Game\2501Game\x64\Debug\link.6420-rc.write.1.tlog
C:\Users\BugsBunny\Desktop\March 30th\2501Game\2501Game\x64\Debug\link.6420.read.1.tlog
C:\Users\BugsBunny\Desktop\March 30th\2501Game\2501Game\x64\Debug\link.6420.write.1.tlog
C:\Users\BugsBunny\Desktop\March 30th\2501Game\2501Game\x64\Debug\link.6428-cvtres.read.1.tlog
C:\Users\BugsBunny\Desktop\March 30th\2501Game\2501Game\x64\Debug\link.6428-cvtres.write.1.tlog
C:\Users\BugsBunny\Desktop\March 30th\2501Game\2501Game\x64\Debug\link.6428-rc.read.1.tlog
C:\Users\BugsBunny\Desktop\March 30th\2501Game\2501Game\x64\Debug\link.6428-rc.write.1.tlog
C:\Users\BugsBunny\Desktop\March 30th\2501Game\2501Game\x64\Debug\link.6428.read.1.tlog
C:\Users\BugsBunny\Desktop\March 30th\2501Game\2501Game\x64\Debug\link.6428.write.1.tlog
C:\Users\BugsBunny\Desktop\March 30th\2501Game\2501Game\x64\Debug\link.6440-cvtres.read.1.tlog
C:\Users\BugsBunny\Desktop\March 30th\2501Game\2501Game\x64\Debug\link.6440-cvtres.write.1.tlog
C:\Users\BugsBunny\Desktop\March 30th\2501Game\2501Game\x64\Debug\link.6440-rc.read.1.tlog
C:\Users\BugsBunny\Desktop\March 30th\2501Game\2501Game\x64\Debug\link.6440-rc.write.1.tlog
C:\Users\BugsBunny\Desktop\March 30th\2501Game\2501Game\x64\Debug\link.6440.read.1.tlog
C:\Users\BugsBunny\Desktop\March 30th\2501Game\2501Game\x64\Debug\link.6440.write.1.tlog
C:\Users\BugsBunny\Desktop\March 30th\2501Game\2501Game\x64\Debug\link.6444-cvtres.read.1.tlog
C:\Users\BugsBunny\Desktop\March 30th\2501Game\2501Game\x64\Debug\link.6444-cvtres.write.1.tlog
C:\Users\BugsBunny\Desktop\March 30th\2501Game\2501Game\x64\Debug\link.6444-rc.read.1.tlog
C:\Users\BugsBunny\Desktop\March 30th\2501Game\2501Game\x64\Debug\link.6444-rc.write.1.tlog
C:\Users\BugsBunny\Desktop\March 30th\2501Game\2501Game\x64\Debug\link.6444.read.1.tlog
C:\Users\BugsBunny\Desktop\March 30th\2501Game\2501Game\x64\Debug\link.6444.write.1.tlog
C:\Users\BugsBunny\Desktop\March 30th\2501Game\2501Game\x64\Debug\link.6456-cvtres.read.1.tlog
C:\Users\BugsBunny\Desktop\March 30th\2501Game\2501Game\x64\Debug\link.6456-cvtres.write.1.tlog
C:\Users\BugsBunny\Desktop\March 30th\2501Game\2501Game\x64\Debug\link.6456-rc.read.1.tlog
C:\Users\BugsBunny\Desktop\March 30th\2501Game\2501Game\x64\Debug\link.6456-rc.write.1.tlog
C:\Users\BugsBunny\Desktop\March 30th\2501Game\2501Game\x64\Debug\link.6456.read.1.tlog
C:\Users\BugsBunny\Desktop\March 30th\2501Game\2501Game\x64\Debug\link.6456.write.1.tlog
C:\Users\BugsBunny\Desktop\March 30th\2501Game\2501Game\x64\Debug\link.6464-cvtres.read.1.tlog
C:\Users\BugsBunny\Desktop\March 30th\2501Game\2501Game\x64\Debug\link.6464-cvtres.write.1.tlog
C:\Users\BugsBunny\Desktop\March 30th\2501Game\2501Game\x64\Debug\link.6464-rc.read.1.tlog
C:\Users\BugsBunny\Desktop\March 30th\2501Game\2501Game\x64\Debug\link.6464-rc.write.1.tlog
C:\Users\BugsBunny\Desktop\March 30th\2501Game\2501Game\x64\Debug\link.6464.read.1.tlog
C:\Users\BugsBunny\Desktop\March 30th\2501Game\2501Game\x64\Debug\link.6464.write.1.tlog
C:\Users\BugsBunny\Desktop\March 30th\2501Game\2501Game\x64\Debug\link.6476-cvtres.read.1.tlog
C:\Users\BugsBunny\Desktop\March 30th\2501Game\2501Game\x64\Debug\link.6476-cvtres.write.1.tlog
C:\Users\BugsBunny\Desktop\March 30th\2501Game\2501Game\x64\Debug\link.6476-rc.read.1.tlog
C:\Users\BugsBunny\Desktop\March 30th\2501Game\2501Game\x64\Debug\link.6476-rc.write.1.tlog
C:\Users\BugsBunny\Desktop\March 30th\2501Game\2501Game\x64\Debug\link.6476.read.1.tlog
C:\Users\BugsBunny\Desktop\March 30th\2501Game\2501Game\x64\Debug\link.6476.write.1.tlog
C:\Users\BugsBunny\Desktop\March 30th\2501Game\2501Game\x64\Debug\link.6568-cvtres.read.1.tlog
C:\Users\BugsBunny\Desktop\March 30th\2501Game\2501Game\x64\Debug\link.6568-cvtres.write.1.tlog
C:\Users\BugsBunny\Desktop\March 30th\2501Game\2501Game\x64\Debug\link.6568-rc.read.1.tlog
C:\Users\BugsBunny\Desktop\March 30th\2501Game\2501Game\x64\Debug\link.6568-rc.write.1.tlog
C:\Users\BugsBunny\Desktop\March 30th\2501Game\2501Game\x64\Debug\link.6568.read.1.tlog
C:\Users\BugsBunny\Desktop\March 30th\2501Game\2501Game\x64\Debug\link.6568.write.1.tlog
C:\Users\BugsBunny\Desktop\March 30th\2501Game\2501Game\x64\Debug\link.6572-cvtres.read.1.tlog
C:\Users\BugsBunny\Desktop\March 30th\2501Game\2501Game\x64\Debug\link.6572-cvtres.write.1.tlog
C:\Users\BugsBunny\Desktop\March 30th\2501Game\2501Game\x64\Debug\link.6572-rc.read.1.tlog
C:\Users\BugsBunny\Desktop\March 30th\2501Game\2501Game\x64\Debug\link.6572-rc.write.1.tlog
C:\Users\BugsBunny\Desktop\March 30th\2501Game\2501Game\x64\Debug\link.6572.read.1.tlog
C:\Users\BugsBunny\Desktop\March 30th\2501Game\2501Game\x64\Debug\link.6572.write.1.tlog
C:\Users\BugsBunny\Desktop\March 30th\2501Game\2501Game\x64\Debug\link.6576-cvtres.read.1.tlog
C:\Users\BugsBunny\Desktop\March 30th\2501Game\2501Game\x64\Debug\link.6576-cvtres.write.1.tlog
C:\Users\BugsBunny\Desktop\March 30th\2501Game\2501Game\x64\Debug\link.6576-rc.read.1.tlog
C:\Users\BugsBunny\Desktop\March 30th\2501Game\2501Game\x64\Debug\link.6576-rc.write.1.tlog
C:\Users\BugsBunny\Desktop\March 30th\2501Game\2501Game\x64\Debug\link.6576.read.1.tlog
C:\Users\BugsBunny\Desktop\March 30th\2501Game\2501Game\x64\Debug\link.6576.write.1.tlog
C:\Users\BugsBunny\Desktop\March 30th\2501Game\2501Game\x64\Debug\link.6652-cvtres.read.1.tlog
C:\Users\BugsBunny\Desktop\March 30th\2501Game\2501Game\x64\Debug\link.6652-cvtres.write.1.tlog
C:\Users\BugsBunny\Desktop\March 30th\2501Game\2501Game\x64\Debug\link.6652-rc.read.1.tlog
C:\Users\BugsBunny\Desktop\March 30th\2501Game\2501Game\x64\Debug\link.6652-rc.write.1.tlog
C:\Users\BugsBunny\Desktop\March 30th\2501Game\2501Game\x64\Debug\link.6652.read.1.tlog
C:\Users\BugsBunny\Desktop\March 30th\2501Game\2501Game\x64\Debug\link.6652.write.1.tlog
C:\Users\BugsBunny\Desktop\March 30th\2501Game\2501Game\x64\Debug\link.6664-cvtres.read.1.tlog
C:\Users\BugsBunny\Desktop\March 30th\2501Game\2501Game\x64\Debug\link.6664-cvtres.write.1.tlog
C:\Users\BugsBunny\Desktop\March 30th\2501Game\2501Game\x64\Debug\link.6664-rc.read.1.tlog
C:\Users\BugsBunny\Desktop\March 30th\2501Game\2501Game\x64\Debug\link.6664-rc.write.1.tlog
C:\Users\BugsBunny\Desktop\March 30th\2501Game\2501Game\x64\Debug\link.6664.read.1.tlog
C:\Users\BugsBunny\Desktop\March 30th\2501Game\2501Game\x64\Debug\link.6664.write.1.tlog
C:\Users\BugsBunny\Desktop\March 30th\2501Game\2501Game\x64\Debug\link.6700-cvtres.read.1.tlog
C:\Users\BugsBunny\Desktop\March 30th\2501Game\2501Game\x64\Debug\link.6700-cvtres.write.1.tlog
C:\Users\BugsBunny\Desktop\March 30th\2501Game\2501Game\x64\Debug\link.6700-rc.read.1.tlog
C:\Users\BugsBunny\Desktop\March 30th\2501Game\2501Game\x64\Debug\link.6700-rc.write.1.tlog
C:\Users\BugsBunny\Desktop\March 30th\2501Game\2501Game\x64\Debug\link.6700.read.1.tlog
C:\Users\BugsBunny\Desktop\March 30th\2501Game\2501Game\x64\Debug\link.6700.write.1.tlog
C:\Users\BugsBunny\Desktop\March 30th\2501Game\2501Game\x64\Debug\link.6724-cvtres.read.1.tlog
C:\Users\BugsBunny\Desktop\March 30th\2501Game\2501Game\x64\Debug\link.6724-cvtres.write.1.tlog
C:\Users\BugsBunny\Desktop\March 30th\2501Game\2501Game\x64\Debug\link.6724-rc.read.1.tlog
C:\Users\BugsBunny\Desktop\March 30th\2501Game\2501Game\x64\Debug\link.6724-rc.write.1.tlog
C:\Users\BugsBunny\Desktop\March 30th\2501Game\2501Game\x64\Debug\link.6724.read.1.tlog
C:\Users\BugsBunny\Desktop\March 30th\2501Game\2501Game\x64\Debug\link.6724.write.1.tlog
C:\Users\BugsBunny\Desktop\March 30th\2501Game\2501Game\x64\Debug\link.6780-cvtres.read.1.tlog
C:\Users\BugsBunny\Desktop\March 30th\2501Game\2501Game\x64\Debug\link.6780-cvtres.write.1.tlog
C:\Users\BugsBunny\Desktop\March 30th\2501Game\2501Game\x64\Debug\link.6780-rc.read.1.tlog
C:\Users\BugsBunny\Desktop\March 30th\2501Game\2501Game\x64\Debug\link.6780-rc.write.1.tlog
C:\Users\BugsBunny\Desktop\March 30th\2501Game\2501Game\x64\Debug\link.6780.read.1.tlog
C:\Users\BugsBunny\Desktop\March 30th\2501Game\2501Game\x64\Debug\link.6780.write.1.tlog
C:\Users\BugsBunny\Desktop\March 30th\2501Game\2501Game\x64\Debug\link.6816-cvtres.read.1.tlog
C:\Users\BugsBunny\Desktop\March 30th\2501Game\2501Game\x64\Debug\link.6816-cvtres.write.1.tlog
C:\Users\BugsBunny\Desktop\March 30th\2501Game\2501Game\x64\Debug\link.6816-rc.read.1.tlog
C:\Users\BugsBunny\Desktop\March 30th\2501Game\2501Game\x64\Debug\link.6816-rc.write.1.tlog
C:\Users\BugsBunny\Desktop\March 30th\2501Game\2501Game\x64\Debug\link.6816.read.1.tlog
C:\Users\BugsBunny\Desktop\March 30th\2501Game\2501Game\x64\Debug\link.6816.write.1.tlog
C:\Users\BugsBunny\Desktop\March 30th\2501Game\2501Game\x64\Debug\link.6876-cvtres.read.1.tlog
C:\Users\BugsBunny\Desktop\March 30th\2501Game\2501Game\x64\Debug\link.6876-cvtres.write.1.tlog
C:\Users\BugsBunny\Desktop\March 30th\2501Game\2501Game\x64\Debug\link.6876-rc.read.1.tlog
C:\Users\BugsBunny\Desktop\March 30th\2501Game\2501Game\x64\Debug\link.6876-rc.write.1.tlog
C:\Users\BugsBunny\Desktop\March 30th\2501Game\2501Game\x64\Debug\link.6876.read.1.tlog
C:\Users\BugsBunny\Desktop\March 30th\2501Game\2501Game\x64\Debug\link.6876.write.1.tlog
C:\Users\BugsBunny\Desktop\March 30th\2501Game\2501Game\x64\Debug\link.6936-cvtres.read.1.tlog
C:\Users\BugsBunny\Desktop\March 30th\2501Game\2501Game\x64\Debug\link.6936-cvtres.write.1.tlog
C:\Users\BugsBunny\Desktop\March 30th\2501Game\2501Game\x64\Debug\link.6936-rc.read.1.tlog
C:\Users\BugsBunny\Desktop\March 30th\2501Game\2501Game\x64\Debug\link.6936-rc.write.1.tlog
C:\Users\BugsBunny\Desktop\March 30th\2501Game\2501Game\x64\Debug\link.6936.read.1.tlog
C:\Users\BugsBunny\Desktop\March 30th\2501Game\2501Game\x64\Debug\link.6936.write.1.tlog
C:\Users\BugsBunny\Desktop\March 30th\2501Game\2501Game\x64\Debug\link.6956-cvtres.read.1.tlog
C:\Users\BugsBunny\Desktop\March 30th\2501Game\2501Game\x64\Debug\link.6956-cvtres.write.1.tlog
C:\Users\BugsBunny\Desktop\March 30th\2501Game\2501Game\x64\Debug\link.6956-rc.read.1.tlog
C:\Users\BugsBunny\Desktop\March 30th\2501Game\2501Game\x64\Debug\link.6956-rc.write.1.tlog
C:\Users\BugsBunny\Desktop\March 30th\2501Game\2501Game\x64\Debug\link.6956.read.1.tlog
C:\Users\BugsBunny\Desktop\March 30th\2501Game\2501Game\x64\Debug\link.6956.write.1.tlog
C:\Users\BugsBunny\Desktop\March 30th\2501Game\2501Game\x64\Debug\link.6980-cvtres.read.1.tlog
C:\Users\BugsBunny\Desktop\March 30th\2501Game\2501Game\x64\Debug\link.6980-cvtres.write.1.tlog
C:\Users\BugsBunny\Desktop\March 30th\2501Game\2501Game\x64\Debug\link.6980-rc.read.1.tlog
C:\Users\BugsBunny\Desktop\March 30th\2501Game\2501Game\x64\Debug\link.6980-rc.write.1.tlog
C:\Users\BugsBunny\Desktop\March 30th\2501Game\2501Game\x64\Debug\link.6980.read.1.tlog
C:\Users\BugsBunny\Desktop\March 30th\2501Game\2501Game\x64\Debug\link.6980.write.1.tlog
C:\Users\BugsBunny\Desktop\March 30th\2501Game\2501Game\x64\Debug\link.7012-cvtres.read.1.tlog
C:\Users\BugsBunny\Desktop\March 30th\2501Game\2501Game\x64\Debug\link.7012-cvtres.write.1.tlog
C:\Users\BugsBunny\Desktop\March 30th\2501Game\2501Game\x64\Debug\link.7012-rc.read.1.tlog
C:\Users\BugsBunny\Desktop\March 30th\2501Game\2501Game\x64\Debug\link.7012-rc.write.1.tlog
C:\Users\BugsBunny\Desktop\March 30th\2501Game\2501Game\x64\Debug\link.7012.read.1.tlog
C:\Users\BugsBunny\Desktop\March 30th\2501Game\2501Game\x64\Debug\link.7012.write.1.tlog
C:\Users\BugsBunny\Desktop\March 30th\2501Game\2501Game\x64\Debug\link.7020-cvtres.read.1.tlog
C:\Users\BugsBunny\Desktop\March 30th\2501Game\2501Game\x64\Debug\link.7020-cvtres.write.1.tlog
C:\Users\BugsBunny\Desktop\March 30th\2501Game\2501Game\x64\Debug\link.7020-rc.read.1.tlog
C:\Users\BugsBunny\Desktop\March 30th\2501Game\2501Game\x64\Debug\link.7020-rc.write.1.tlog
C:\Users\BugsBunny\Desktop\March 30th\2501Game\2501Game\x64\Debug\link.7020.read.1.tlog
C:\Users\BugsBunny\Desktop\March 30th\2501Game\2501Game\x64\Debug\link.7020.write.1.tlog
C:\Users\BugsBunny\Desktop\March 30th\2501Game\2501Game\x64\Debug\link.7060-cvtres.read.1.tlog
C:\Users\BugsBunny\Desktop\March 30th\2501Game\2501Game\x64\Debug\link.7060-cvtres.write.1.tlog
C:\Users\BugsBunny\Desktop\March 30th\2501Game\2501Game\x64\Debug\link.7060-rc.read.1.tlog
C:\Users\BugsBunny\Desktop\March 30th\2501Game\2501Game\x64\Debug\link.7060-rc.write.1.tlog
C:\Users\BugsBunny\Desktop\March 30th\2501Game\2501Game\x64\Debug\link.7060.read.1.tlog
C:\Users\BugsBunny\Desktop\March 30th\2501Game\2501Game\x64\Debug\link.7060.write.1.tlog
C:\Users\BugsBunny\Desktop\March 30th\2501Game\2501Game\x64\Debug\link.7096-cvtres.read.1.tlog
C:\Users\BugsBunny\Desktop\March 30th\2501Game\2501Game\x64\Debug\link.7096-cvtres.write.1.tlog
C:\Users\BugsBunny\Desktop\March 30th\2501Game\2501Game\x64\Debug\link.7096-rc.read.1.tlog
C:\Users\BugsBunny\Desktop\March 30th\2501Game\2501Game\x64\Debug\link.7096-rc.write.1.tlog
C:\Users\BugsBunny\Desktop\March 30th\2501Game\2501Game\x64\Debug\link.7096.read.1.tlog
C:\Users\BugsBunny\Desktop\March 30th\2501Game\2501Game\x64\Debug\link.7096.write.1.tlog
C:\Users\BugsBunny\Desktop\March 30th\2501Game\2501Game\x64\Debug\link.7836-cvtres.read.1.tlog
C:\Users\BugsBunny\Desktop\March 30th\2501Game\2501Game\x64\Debug\link.7836-cvtres.write.1.tlog
C:\Users\BugsBunny\Desktop\March 30th\2501Game\2501Game\x64\Debug\link.7836-rc.read.1.tlog
C:\Users\BugsBunny\Desktop\March 30th\2501Game\2501Game\x64\Debug\link.7836-rc.write.1.tlog
C:\Users\BugsBunny\Desktop\March 30th\2501Game\2501Game\x64\Debug\link.7836.read.1.tlog
C:\Users\BugsBunny\Desktop\March 30th\2501Game\2501Game\x64\Debug\link.7836.write.1.tlog
C:\Users\BugsBunny\Desktop\March 30th\2501Game\2501Game\x64\Debug\link.852-cvtres.read.1.tlog
C:\Users\BugsBunny\Desktop\March 30th\2501Game\2501Game\x64\Debug\link.852-cvtres.write.1.tlog
C:\Users\BugsBunny\Desktop\March 30th\2501Game\2501Game\x64\Debug\link.852-rc.read.1.tlog
C:\Users\BugsBunny\Desktop\March 30th\2501Game\2501Game\x64\Debug\link.852-rc.write.1.tlog
C:\Users\BugsBunny\Desktop\March 30th\2501Game\2501Game\x64\Debug\link.852.read.1.tlog
C:\Users\BugsBunny\Desktop\March 30th\2501Game\2501Game\x64\Debug\link.852.write.1.tlog
C:\Users\BugsBunny\Desktop\March 30th\2501Game\2501Game\x64\Debug\link.8636-cvtres.read.1.tlog
C:\Users\BugsBunny\Desktop\March 30th\2501Game\2501Game\x64\Debug\link.8636-cvtres.write.1.tlog
C:\Users\BugsBunny\Desktop\March 30th\2501Game\2501Game\x64\Debug\link.8636-rc.read.1.tlog
C:\Users\BugsBunny\Desktop\March 30th\2501Game\2501Game\x64\Debug\link.8636-rc.write.1.tlog
C:\Users\BugsBunny\Desktop\March 30th\2501Game\2501Game\x64\Debug\link.8636.read.1.tlog
C:\Users\BugsBunny\Desktop\March 30th\2501Game\2501Game\x64\Debug\link.8636.write.1.tlog
C:\Users\BugsBunny\Desktop\March 30th\2501Game\2501Game\x64\Debug\link.8668-cvtres.read.1.tlog
C:\Users\BugsBunny\Desktop\March 30th\2501Game\2501Game\x64\Debug\link.8668-cvtres.write.1.tlog
C:\Users\BugsBunny\Desktop\March 30th\2501Game\2501Game\x64\Debug\link.8668-rc.read.1.tlog
C:\Users\BugsBunny\Desktop\March 30th\2501Game\2501Game\x64\Debug\link.8668-rc.write.1.tlog
C:\Users\BugsBunny\Desktop\March 30th\2501Game\2501Game\x64\Debug\link.8668.read.1.tlog
C:\Users\BugsBunny\Desktop\March 30th\2501Game\2501Game\x64\Debug\link.8668.write.1.tlog
C:\Users\BugsBunny\Desktop\March 30th\2501Game\2501Game\x64\Debug\link.9044-cvtres.read.1.tlog
C:\Users\BugsBunny\Desktop\March 30th\2501Game\2501Game\x64\Debug\link.9044-cvtres.write.1.tlog
C:\Users\BugsBunny\Desktop\March 30th\2501Game\2501Game\x64\Debug\link.9044-rc.read.1.tlog
C:\Users\BugsBunny\Desktop\March 30th\2501Game\2501Game\x64\Debug\link.9044-rc.write.1.tlog
C:\Users\BugsBunny\Desktop\March 30th\2501Game\2501Game\x64\Debug\link.9044.read.1.tlog
C:\Users\BugsBunny\Desktop\March 30th\2501Game\2501Game\x64\Debug\link.9044.write.1.tlog
C:\Users\BugsBunny\Desktop\March 30th\2501Game\2501Game\x64\Debug\link.9904-cvtres.read.1.tlog
C:\Users\BugsBunny\Desktop\March 30th\2501Game\2501Game\x64\Debug\link.9904-cvtres.write.1.tlog
C:\Users\BugsBunny\Desktop\March 30th\2501Game\2501Game\x64\Debug\link.9904-rc.read.1.tlog
C:\Users\BugsBunny\Desktop\March 30th\2501Game\2501Game\x64\Debug\link.9904-rc.write.1.tlog
C:\Users\BugsBunny\Desktop\March 30th\2501Game\2501Game\x64\Debug\link.9904.read.1.tlog
C:\Users\BugsBunny\Desktop\March 30th\2501Game\2501Game\x64\Debug\link.9904.write.1.tlog
C:\Users\BugsBunny\Desktop\March 30th\2501Game\2501Game\x64\Debug\link.command.1.tlog
C:\Users\BugsBunny\Desktop\March 30th\2501Game\2501Game\x64\Debug\link.read.1.tlog
C:\Users\BugsBunny\Desktop\March 30th\2501Game\2501Game\x64\Debug\link.write.1.tlog
C:\Users\BugsBunny\Desktop\March 30th\2501Game\2501Game\x64\Debug\rc.command.1.tlog
C:\Users\BugsBunny\Desktop\March 30th\2501Game\2501Game\x64\Debug\rc.read.1.tlog
C:\Users\BugsBunny\Desktop\March 30th\2501Game\2501Game\x64\Debug\rc.write.1.tlog
C:\Users\BugsBunny\Desktop\March 30th\2501Game\2501Game\x64\Debug\2501Game.res
C:\Users\BugsBunny\Desktop\March 30th\2501Game\2501Game\x64\Debug\vc110.idb
C:\Users\BugsBunny\Desktop\March 30th\2501Game\2501Game\x64\Debug\vc110.pdb
C:\Users\BugsBunny\Desktop\March 30th\2501Game\x64\Debug\2501Game.pdb
C:\Users\BugsBunny\Desktop\March 30th\2501Game\x64\Debug\2501Game.exe
C:\Users\BugsBunny\Desktop\March 30th\2501Game\x64\Debug\2501Game.ilk
