C:\USERS\BUGSBUNNY\DESKTOP\MARCH 30TH\2501GAME\2501GAME\BIN\DESKTOP_2012\X64\DEBUG\DIRECTXTK.PCH
C:\USERS\BUGSBUNNY\DESKTOP\MARCH 30TH\2501GAME\2501GAME\BIN\DESKTOP_2012\X64\DEBUG\PCH.OBJ
C:\USERS\BUGSBUNNY\DESKTOP\MARCH 30TH\2501GAME\2501GAME\BIN\DESKTOP_2012\X64\DEBUG\DIRECTXTK.PDB
C:\USERS\BUGSBUNNY\DESKTOP\MARCH 30TH\2501GAME\2501GAME\BIN\DESKTOP_2012\X64\DEBUG\COMMONSTATES.OBJ
C:\USERS\BUGSBUNNY\DESKTOP\MARCH 30TH\2501GAME\2501GAME\BIN\DESKTOP_2012\X64\DEBUG\DDSTEXTURELOADER.OBJ
C:\USERS\BUGSBUNNY\DESKTOP\MARCH 30TH\2501GAME\2501GAME\BIN\DESKTOP_2012\X64\DEBUG\DGSLEFFECT.OBJ
C:\USERS\BUGSBUNNY\DESKTOP\MARCH 30TH\2501GAME\2501GAME\BIN\DESKTOP_2012\X64\DEBUG\DGSLEFFECTFACTORY.OBJ
C:\USERS\BUGSBUNNY\DESKTOP\MARCH 30TH\2501GAME\2501GAME\BIN\DESKTOP_2012\X64\DEBUG\DUALTEXTUREEFFECT.OBJ
C:\USERS\BUGSBUNNY\DESKTOP\MARCH 30TH\2501GAME\2501GAME\BIN\DESKTOP_2012\X64\DEBUG\BINARYREADER.OBJ
C:\USERS\BUGSBUNNY\DESKTOP\MARCH 30TH\2501GAME\2501GAME\BIN\DESKTOP_2012\X64\DEBUG\EFFECTCOMMON.OBJ
C:\USERS\BUGSBUNNY\DESKTOP\MARCH 30TH\2501GAME\2501GAME\BIN\DESKTOP_2012\X64\DEBUG\EFFECTFACTORY.OBJ
C:\USERS\BUGSBUNNY\DESKTOP\MARCH 30TH\2501GAME\2501GAME\BIN\DESKTOP_2012\X64\DEBUG\ENVIRONMENTMAPEFFECT.OBJ
C:\USERS\BUGSBUNNY\DESKTOP\MARCH 30TH\2501GAME\2501GAME\BIN\DESKTOP_2012\X64\DEBUG\GEOMETRICPRIMITIVE.OBJ
C:\USERS\BUGSBUNNY\DESKTOP\MARCH 30TH\2501GAME\2501GAME\BIN\DESKTOP_2012\X64\DEBUG\MODEL.OBJ
C:\USERS\BUGSBUNNY\DESKTOP\MARCH 30TH\2501GAME\2501GAME\BIN\DESKTOP_2012\X64\DEBUG\MODELLOADCMO.OBJ
C:\USERS\BUGSBUNNY\DESKTOP\MARCH 30TH\2501GAME\2501GAME\BIN\DESKTOP_2012\X64\DEBUG\MODELLOADSDKMESH.OBJ
C:\USERS\BUGSBUNNY\DESKTOP\MARCH 30TH\2501GAME\2501GAME\BIN\DESKTOP_2012\X64\DEBUG\SCREENGRAB.OBJ
C:\USERS\BUGSBUNNY\DESKTOP\MARCH 30TH\2501GAME\2501GAME\BIN\DESKTOP_2012\X64\DEBUG\SKINNEDEFFECT.OBJ
C:\USERS\BUGSBUNNY\DESKTOP\MARCH 30TH\2501GAME\2501GAME\BIN\DESKTOP_2012\X64\DEBUG\SPRITEBATCH.OBJ
C:\USERS\BUGSBUNNY\DESKTOP\MARCH 30TH\2501GAME\2501GAME\BIN\DESKTOP_2012\X64\DEBUG\PRIMITIVEBATCH.OBJ
C:\USERS\BUGSBUNNY\DESKTOP\MARCH 30TH\2501GAME\2501GAME\BIN\DESKTOP_2012\X64\DEBUG\SPRITEFONT.OBJ
C:\USERS\BUGSBUNNY\DESKTOP\MARCH 30TH\2501GAME\2501GAME\BIN\DESKTOP_2012\X64\DEBUG\VERTEXTYPES.OBJ
C:\USERS\BUGSBUNNY\DESKTOP\MARCH 30TH\2501GAME\2501GAME\BIN\DESKTOP_2012\X64\DEBUG\WICTEXTURELOADER.OBJ
C:\USERS\BUGSBUNNY\DESKTOP\MARCH 30TH\2501GAME\2501GAME\BIN\DESKTOP_2012\X64\DEBUG\ALPHATESTEFFECT.OBJ
C:\USERS\BUGSBUNNY\DESKTOP\MARCH 30TH\2501GAME\2501GAME\BIN\DESKTOP_2012\X64\DEBUG\BASICEFFECT.OBJ
C:\USERS\BUGSBUNNY\DESKTOP\MARCH 30TH\2501GAME\2501GAME\BIN\DESKTOP_2012\X64\DEBUG\DIRECTXTK.LIB
C:\Users\BugsBunny\Desktop\March 30th\2501Game\2501Game\Bin\Desktop_2012\x64\Debug\AlphaTestEffect.obj
C:\Users\BugsBunny\Desktop\March 30th\2501Game\2501Game\Bin\Desktop_2012\x64\Debug\BasicEffect.obj
C:\Users\BugsBunny\Desktop\March 30th\2501Game\2501Game\Bin\Desktop_2012\x64\Debug\BinaryReader.obj
C:\Users\BugsBunny\Desktop\March 30th\2501Game\2501Game\Bin\Desktop_2012\x64\Debug\CommonStates.obj
C:\Users\BugsBunny\Desktop\March 30th\2501Game\2501Game\Bin\Desktop_2012\x64\Debug\DDSTextureLoader.obj
C:\Users\BugsBunny\Desktop\March 30th\2501Game\2501Game\Bin\Desktop_2012\x64\Debug\DGSLEffect.obj
C:\Users\BugsBunny\Desktop\March 30th\2501Game\2501Game\Bin\Desktop_2012\x64\Debug\DGSLEffectFactory.obj
C:\Users\BugsBunny\Desktop\March 30th\2501Game\2501Game\Bin\Desktop_2012\x64\Debug\DualTextureEffect.obj
C:\Users\BugsBunny\Desktop\March 30th\2501Game\2501Game\Bin\Desktop_2012\x64\Debug\EffectCommon.obj
C:\Users\BugsBunny\Desktop\March 30th\2501Game\2501Game\Bin\Desktop_2012\x64\Debug\EffectFactory.obj
C:\Users\BugsBunny\Desktop\March 30th\2501Game\2501Game\Bin\Desktop_2012\x64\Debug\EnvironmentMapEffect.obj
C:\Users\BugsBunny\Desktop\March 30th\2501Game\2501Game\Bin\Desktop_2012\x64\Debug\GeometricPrimitive.obj
C:\Users\BugsBunny\Desktop\March 30th\2501Game\2501Game\Bin\Desktop_2012\x64\Debug\Model.obj
C:\Users\BugsBunny\Desktop\March 30th\2501Game\2501Game\Bin\Desktop_2012\x64\Debug\ModelLoadCMO.obj
C:\Users\BugsBunny\Desktop\March 30th\2501Game\2501Game\Bin\Desktop_2012\x64\Debug\ModelLoadSDKMESH.obj
C:\Users\BugsBunny\Desktop\March 30th\2501Game\2501Game\Bin\Desktop_2012\x64\Debug\pch.obj
C:\Users\BugsBunny\Desktop\March 30th\2501Game\2501Game\Bin\Desktop_2012\x64\Debug\PrimitiveBatch.obj
C:\Users\BugsBunny\Desktop\March 30th\2501Game\2501Game\Bin\Desktop_2012\x64\Debug\ScreenGrab.obj
C:\Users\BugsBunny\Desktop\March 30th\2501Game\2501Game\Bin\Desktop_2012\x64\Debug\SkinnedEffect.obj
C:\Users\BugsBunny\Desktop\March 30th\2501Game\2501Game\Bin\Desktop_2012\x64\Debug\SpriteBatch.obj
C:\Users\BugsBunny\Desktop\March 30th\2501Game\2501Game\Bin\Desktop_2012\x64\Debug\SpriteFont.obj
C:\Users\BugsBunny\Desktop\March 30th\2501Game\2501Game\Bin\Desktop_2012\x64\Debug\VertexTypes.obj
C:\Users\BugsBunny\Desktop\March 30th\2501Game\2501Game\Bin\Desktop_2012\x64\Debug\WICTextureLoader.obj
C:\Users\BugsBunny\Desktop\March 30th\2501Game\2501Game\Bin\Desktop_2012\x64\Debug\cl.command.1.tlog
C:\Users\BugsBunny\Desktop\March 30th\2501Game\2501Game\Bin\Desktop_2012\x64\Debug\CL.read.1.tlog
C:\Users\BugsBunny\Desktop\March 30th\2501Game\2501Game\Bin\Desktop_2012\x64\Debug\CL.write.1.tlog
C:\Users\BugsBunny\Desktop\March 30th\2501Game\2501Game\Bin\Desktop_2012\x64\Debug\Lib-link.read.1.tlog
C:\Users\BugsBunny\Desktop\March 30th\2501Game\2501Game\Bin\Desktop_2012\x64\Debug\Lib-link.write.1.tlog
C:\Users\BugsBunny\Desktop\March 30th\2501Game\2501Game\Bin\Desktop_2012\x64\Debug\lib.command.1.tlog
C:\Users\BugsBunny\Desktop\March 30th\2501Game\2501Game\Bin\Desktop_2012\x64\Debug\DirectXTK.pch
C:\Users\BugsBunny\Desktop\March 30th\2501Game\2501Game\Bin\Desktop_2012\x64\Debug\DirectXTK.idb
C:\Users\BugsBunny\Desktop\March 30th\2501Game\2501Game\Bin\Desktop_2012\x64\Debug\directxtk.pdb
C:\Users\BugsBunny\Desktop\March 30th\2501Game\2501Game\Bin\Desktop_2012\x64\Debug\DirectXTK.lib
